Using pre-set license
Desktop is 1920 x 1080 @ 60 Hz

 COMMAND LINE ARGUMENTS:
Unity
-adb2
-batchMode
-noUpm
-name
AssetImportWorker0
-projectPath
/home/gerard/Roll-a-ball
-logFile
Logs/AssetImportWorker0.log
-srvPort
34675
Successfully changed project path to: /home/gerard/Roll-a-ball
/home/gerard/Roll-a-ball
Using Asset Import Pipeline V2.
Refreshing native plugins compatible for Editor in 51,94 ms, found 0 plugins.
Preloading 0 native plugins for Editor in 0,00 ms.
Initialize engine version: 2020.2.4f1 (becced5a802b)
[Subsystems] Discovering subsystems at path /home/gerard/Unity/Hub/Editor/2020.2.4f1/Editor/Data/Resources/UnitySubsystems
[Subsystems] Discovering subsystems at path /home/gerard/Roll-a-ball/Assets
GLX Extensions: GLX_ARB_create_context GLX_ARB_create_context_no_error GLX_ARB_create_context_profile GLX_ARB_create_context_robustness GLX_ARB_fbconfig_float GLX_ARB_framebuffer_sRGB GLX_ARB_get_proc_address GLX_ARB_multisample GLX_EXT_buffer_age GLX_EXT_create_context_es2_profile GLX_EXT_create_context_es_profile GLX_EXT_fbconfig_packed_float GLX_EXT_framebuffer_sRGB GLX_EXT_import_context GLX_EXT_no_config_context GLX_EXT_swap_control GLX_EXT_swap_control_tear GLX_EXT_texture_from_pixmap GLX_EXT_visual_info GLX_EXT_visual_rating GLX_INTEL_swap_event GLX_MESA_copy_sub_buffer GLX_MESA_query_renderer GLX_MESA_swap_control GLX_OML_swap_method GLX_OML_sync_control GLX_SGIS_multisample GLX_SGIX_fbconfig GLX_SGIX_pbuffer GLX_SGIX_visual_select_group GLX_SGI_make_current_read GLX_SGI_swap_control GLX_SGI_video_sync 
Renderer: Mesa DRI Intel(R) HD Graphics 4600 (HSW GT2)
Vendor:   Intel Open Source Technology Center
Version:  4.5 (Core Profile) Mesa 21.2.6
GLES:     0
 GL_3DFX_texture_compression_FXT1 GL_AMD_conservative_depth GL_AMD_draw_buffers_blend GL_AMD_multi_draw_indirect GL_AMD_query_buffer_object GL_AMD_seamless_cubemap_per_texture GL_AMD_shader_trinary_minmax GL_AMD_texture_texture4 GL_AMD_vertex_shader_layer GL_AMD_vertex_shader_viewport_index GL_ANGLE_texture_compression_dxt3 GL_ANGLE_texture_compression_dxt5 GL_APPLE_object_purgeable GL_ARB_ES2_compatibility GL_ARB_ES3_1_compatibility GL_ARB_ES3_compatibility GL_ARB_arrays_of_arrays GL_ARB_base_instance GL_ARB_blend_func_extended GL_ARB_buffer_storage GL_ARB_clear_buffer_object GL_ARB_clear_texture GL_ARB_clip_control GL_ARB_compressed_texture_pixel_storage GL_ARB_compute_shader GL_ARB_compute_variable_group_size GL_ARB_conditional_render_inverted GL_ARB_conservative_depth GL_ARB_copy_buffer GL_ARB_copy_image GL_ARB_cull_distance GL_ARB_debug_output GL_ARB_depth_buffer_float GL_ARB_depth_clamp GL_ARB_derivative_control GL_ARB_direct_state_access GL_ARB_draw_buffers GL_ARB_draw_buffers_blend GL_ARB_draw_elemen
ts_base_vertex GL_ARB_draw_indirect GL_ARB_draw_instanced GL_ARB_enhanced_layouts GL_ARB_explicit_attrib_location GL_ARB_explicit_uniform_location GL_ARB_fragment_coord_conventions GL_ARB_fragment_layer_viewport GL_ARB_fragment_shader GL_ARB_framebuffer_no_attachments GL_ARB_framebuffer_object GL_ARB_framebuffer_sRGB GL_ARB_get_program_binary GL_ARB_get_texture_sub_image GL_ARB_gl_spirv GL_ARB_gpu_shader5 GL_ARB_gpu_shader_fp64 GL_ARB_half_float_pixel GL_ARB_half_float_vertex GL_ARB_indirect_parameters GL_ARB_instanced_arrays GL_ARB_internalformat_query GL_ARB_internalformat_query2 GL_ARB_invalidate_subdata GL_ARB_map_buffer_alignment GL_ARB_map_buffer_range GL_ARB_multi_bind GL_ARB_multi_draw_indirect GL_ARB_occlusion_query2 GL_ARB_parallel_shader_compile GL_ARB_pipeline_statistics_query GL_ARB_pixel_buffer_object GL_ARB_point_sprite GL_ARB_polygon_offset_clamp GL_ARB_program_interface_query GL_ARB_provoking_vertex GL_ARB_query_buffer_object GL_ARB_robust_buffer_access_behavior GL_ARB_robustness GL_ARB_samp
le_shading GL_ARB_sampler_objects GL_ARB_seamless_cube_map GL_ARB_seamless_cubemap_per_texture GL_ARB_separate_shader_objects GL_ARB_shader_atomic_counter_ops GL_ARB_shader_atomic_counters GL_ARB_shader_bit_encoding GL_ARB_shader_clock GL_ARB_shader_draw_parameters GL_ARB_shader_group_vote GL_ARB_shader_image_load_store GL_ARB_shader_image_size GL_ARB_shader_objects GL_ARB_shader_precision GL_ARB_shader_storage_buffer_object GL_ARB_shader_subroutine GL_ARB_shader_texture_image_samples GL_ARB_shader_texture_lod GL_ARB_shader_viewport_layer_array GL_ARB_shading_language_420pack GL_ARB_shading_language_include GL_ARB_shading_language_packing GL_ARB_spirv_extensions GL_ARB_stencil_texturing GL_ARB_sync GL_ARB_tessellation_shader GL_ARB_texture_barrier GL_ARB_texture_buffer_object GL_ARB_texture_buffer_object_rgb32 GL_ARB_texture_buffer_range GL_ARB_texture_compression_bptc GL_ARB_texture_compression_rgtc GL_ARB_texture_cube_map_array GL_ARB_texture_filter_anisotropic GL_ARB_texture_float GL_ARB_texture_gather GL
_ARB_texture_mirror_clamp_to_edge GL_ARB_texture_multisample GL_ARB_texture_non_power_of_two GL_ARB_texture_query_levels GL_ARB_texture_query_lod GL_ARB_texture_rectangle GL_ARB_texture_rg GL_ARB_texture_rgb10_a2ui GL_ARB_texture_stencil8 GL_ARB_texture_storage GL_ARB_texture_storage_multisample GL_ARB_texture_swizzle GL_ARB_texture_view GL_ARB_timer_query GL_ARB_transform_feedback2 GL_ARB_transform_feedback3 GL_ARB_transform_feedback_instanced GL_ARB_transform_feedback_overflow_query GL_ARB_uniform_buffer_object GL_ARB_vertex_array_bgra GL_ARB_vertex_array_object GL_ARB_vertex_attrib_64bit GL_ARB_vertex_attrib_binding GL_ARB_vertex_buffer_object GL_ARB_vertex_shader GL_ARB_vertex_type_10f_11f_11f_rev GL_ARB_vertex_type_2_10_10_10_rev GL_ARB_viewport_array GL_ATI_blend_equation_separate GL_ATI_texture_float GL_EXT_EGL_image_storage GL_EXT_EGL_sync GL_EXT_abgr GL_EXT_blend_equation_separate GL_EXT_demote_to_helper_invocation GL_EXT_draw_buffers2 GL_EXT_draw_instanced GL_EXT_framebuffer_blit GL_EXT_framebuffer
_multisample GL_EXT_framebuffer_multisample_blit_scaled GL_EXT_framebuffer_object GL_EXT_framebuffer_sRGB GL_EXT_memory_object GL_EXT_memory_object_fd GL_EXT_packed_depth_stencil GL_EXT_packed_float GL_EXT_pixel_buffer_object GL_EXT_polygon_offset_clamp GL_EXT_provoking_vertex GL_EXT_semaphore GL_EXT_semaphore_fd GL_EXT_shader_framebuffer_fetch_non_coherent GL_EXT_shader_integer_mix GL_EXT_shader_samples_identical GL_EXT_texture_array GL_EXT_texture_compression_dxt1 GL_EXT_texture_compression_rgtc GL_EXT_texture_compression_s3tc GL_EXT_texture_filter_anisotropic GL_EXT_texture_integer GL_EXT_texture_sRGB GL_EXT_texture_sRGB_R8 GL_EXT_texture_sRGB_decode GL_EXT_texture_shadow_lod GL_EXT_texture_shared_exponent GL_EXT_texture_snorm GL_EXT_texture_swizzle GL_EXT_timer_query GL_EXT_transform_feedback GL_EXT_vertex_array_bgra GL_EXT_vertex_attrib_64bit GL_IBM_multimode_draw_arrays GL_INTEL_blackhole_render GL_INTEL_performance_query GL_KHR_blend_equation_advanced GL_KHR_context_flush_control GL_KHR_debug GL_KHR_n
o_error GL_KHR_parallel_shader_compile GL_KHR_robust_buffer_access_behavior GL_KHR_robustness GL_MESA_framebuffer_flip_y GL_MESA_pack_invert GL_MESA_shader_integer_functions GL_MESA_texture_signed_rgba GL_NV_compute_shader_derivatives GL_NV_conditional_render GL_NV_depth_clamp GL_NV_packed_depth_stencil GL_NV_texture_barrier GL_OES_EGL_image GL_S3_s3tc
OPENGL LOG: Creating OpenGL 4.5 graphics device ; Context level  <OpenGL 4.5> ; Context handle -924656128
Initialize mono
Mono path[0] = '/home/gerard/Unity/Hub/Editor/2020.2.4f1/Editor/Data/Managed'
Mono path[1] = '/home/gerard/Unity/Hub/Editor/2020.2.4f1/Editor/Data/MonoBleedingEdge/lib/mono/unityjit'
Mono config path = '/home/gerard/Unity/Hub/Editor/2020.2.4f1/Editor/Data/MonoBleedingEdge/etc'
Using monoOptions --debugger-agent=transport=dt_socket,embedding=1,server=y,suspend=n,address=127.0.0.1:56669
Begin MonoManager ReloadAssembly
Registering precompiled unity dll's ...
Register platform support module: /home/gerard/Unity/Hub/Editor/2020.2.4f1/Editor/Data/PlaybackEngines/WebGLSupport/UnityEditor.WebGL.Extensions.dll
Register platform support module: /home/gerard/Unity/Hub/Editor/2020.2.4f1/Editor/Data/PlaybackEngines/MacStandaloneSupport/UnityEditor.OSXStandalone.Extensions.dll
Register platform support module: /home/gerard/Unity/Hub/Editor/2020.2.4f1/Editor/Data/PlaybackEngines/WindowsStandaloneSupport/UnityEditor.WindowsStandalone.Extensions.dll
Register platform support module: /home/gerard/Unity/Hub/Editor/2020.2.4f1/Editor/Data/PlaybackEngines/LinuxStandaloneSupport/UnityEditor.LinuxStandalone.Extensions.dll
Registered in 0,002005 seconds.
Native extension for LinuxStandalone target not found
Native extension for WindowsStandalone target not found
Native extension for OSXStandalone target not found
Native extension for WebGL target not found
Refreshing native plugins compatible for Editor in 54,93 ms, found 0 plugins.
Preloading 0 native plugins for Editor in 0,00 ms.
Invoked RoslynAnalysisRunner static constructor.
RoslynAnalysisRunner will not be running.
RoslynAnalysisRunner has terminated.
Mono: successfully reloaded assembly
- Completed reload, in  1,826 seconds
Platform modules already initialized, skipping
Registering precompiled user dll's ...
Registered in 0,001000 seconds.
Begin MonoManager ReloadAssembly
Native extension for LinuxStandalone target not found
Native extension for WindowsStandalone target not found
Native extension for OSXStandalone target not found
Native extension for WebGL target not found
Refreshing native plugins compatible for Editor in 56,47 ms, found 0 plugins.
Preloading 0 native plugins for Editor in 0,00 ms.
Invoked RoslynAnalysisRunner static constructor.
RoslynAnalysisRunner will not be running.
RoslynAnalysisRunner has terminated.
Mono: successfully reloaded assembly
- Completed reload, in  1,053 seconds
Platform modules already initialized, skipping
========================================================================
Worker process is ready to serve import requests
Shader 'Universal Render Pipeline/Particles/Lit': fallback shader 'Universal Render Pipeline/Particles/SimpleLit' not found
Shader 'Universal Render Pipeline/Particles/Lit': fallback shader 'Universal Render Pipeline/Particles/SimpleLit' not found
Launched and connected shader compiler UnityShaderCompiler after 0.01 seconds
Refreshing native plugins compatible for Editor in 0,48 ms, found 0 plugins.
Preloading 0 native plugins for Editor in 0,00 ms.
Unloading 2728 Unused Serialized files (Serialized files now loaded: 0)
System memory in use before: 116,6 MB.
System memory in use after: 115,0 MB.

Unloading 47 unused Assets to reduce memory usage. Loaded Objects now: 3137.
Total: 9,967439 ms (FindLiveObjects: 0,442330 ms CreateObjectMapping: 0,337440 ms MarkObjects: 6,154186 ms  DeleteObjects: 3,031751 ms)

========================================================================
Received Import Request.
  path: Assets/Materials/Walls.mat
  artifactKey: Guid(5d65b553d10341e679922fd6afdbccb5) Importer(815301076,1909f56bfc062723c751e8b465ee728b)
Start importing Assets/Materials/Walls.mat using Guid(5d65b553d10341e679922fd6afdbccb5) Importer(815301076,1909f56bfc062723c751e8b465ee728b)  -> (artifact id: '5ef25038a3bad56c3c5a15f3b28e0cdd') in 0,231853 seconds
  Import took 0,239998 seconds .

========================================================================
Received Import Request.
  Time since last request: 10,933391 seconds.
  path: ProjectSettings/TagManager.asset
  artifactKey: Guid(00000000000000003000000000000000) Importer(815301076,1909f56bfc062723c751e8b465ee728b)
Start importing ProjectSettings/TagManager.asset using Guid(00000000000000003000000000000000) Importer(815301076,1909f56bfc062723c751e8b465ee728b)  -> (artifact id: '147534a6146463852dc70d658b96533d') in 0,001068 seconds
  Import took 0,006307 seconds .

========================================================================
Received Import Request.
  Time since last request: 111,224360 seconds.
  path: Assets/Scripts/PlayerController.cs
  artifactKey: Guid(4e35ce676b59d41a5b17e182af495d1b) Importer(815301076,1909f56bfc062723c751e8b465ee728b)
Start importing Assets/Scripts/PlayerController.cs using Guid(4e35ce676b59d41a5b17e182af495d1b) Importer(815301076,1909f56bfc062723c751e8b465ee728b)  -> (artifact id: '5ef8e9dfbe58982cedcceff6737a556d') in 0,000706 seconds
  Import took 0,007183 seconds .

========================================================================
Received Import Request.
  Time since last request: 0,029899 seconds.
  path: Assets/Scripts/PlayerController.cs
  artifactKey: Guid(4e35ce676b59d41a5b17e182af495d1b) Importer(815301076,1909f56bfc062723c751e8b465ee728b)
Start importing Assets/Scripts/PlayerController.cs using Guid(4e35ce676b59d41a5b17e182af495d1b) Importer(815301076,1909f56bfc062723c751e8b465ee728b)  -> (artifact id: '5ef8e9dfbe58982cedcceff6737a556d') in 0,000769 seconds
  Import took 0,010227 seconds .

========================================================================
Received Import Request.
  Time since last request: 314,707195 seconds.
  path: Assets/Audios
  artifactKey: Guid(c38183baf452ac4b0ab5ab1fded7106b) Importer(815301076,1909f56bfc062723c751e8b465ee728b)
Start importing Assets/Audios using Guid(c38183baf452ac4b0ab5ab1fded7106b) Importer(815301076,1909f56bfc062723c751e8b465ee728b)  -> (artifact id: 'a269b443ca5810e6e2e75155edb82a1d') in 0,002226 seconds
  Import took 0,009752 seconds .

========================================================================
Received Import Request.
  Time since last request: 27,554872 seconds.
  path: Assets/Audios/PickUpAudio.wav
  artifactKey: Guid(6fe5a35ccc429137c903fa5d372f1667) Importer(815301076,1909f56bfc062723c751e8b465ee728b)
Start importing Assets/Audios/PickUpAudio.wav using Guid(6fe5a35ccc429137c903fa5d372f1667) Importer(815301076,1909f56bfc062723c751e8b465ee728b)  -> (artifact id: 'c467bf6175fc2c436d35c8bcb5cbf00d') in 0,018673 seconds
  Import took 0,027265 seconds .

========================================================================
Received Import Request.
  Time since last request: 78,234280 seconds.
  path: Assets/Audios/WallsAudio.wav
  artifactKey: Guid(d812c89cfb91057be97ad288618431f0) Importer(815301076,1909f56bfc062723c751e8b465ee728b)
Start importing Assets/Audios/WallsAudio.wav using Guid(d812c89cfb91057be97ad288618431f0) Importer(815301076,1909f56bfc062723c751e8b465ee728b)  -> (artifact id: 'f0c51c9d84e29a5e989802d39a47a4e2') in 0,015075 seconds
  Import took 0,025864 seconds .

========================================================================
Received Prepare
Registering precompiled user dll's ...
Registered in 0,001112 seconds.
Begin MonoManager ReloadAssembly
Native extension for LinuxStandalone target not found
Native extension for WindowsStandalone target not found
Native extension for OSXStandalone target not found
Native extension for WebGL target not found
Refreshing native plugins compatible for Editor in 0,48 ms, found 0 plugins.
Preloading 0 native plugins for Editor in 0,00 ms.
Invoked RoslynAnalysisRunner static constructor.
RoslynAnalysisRunner will not be running.
RoslynAnalysisRunner has terminated.
Mono: successfully reloaded assembly
- Completed reload, in  1,057 seconds
Platform modules already initialized, skipping
Shader 'Universal Render Pipeline/Particles/Lit': fallback shader 'Universal Render Pipeline/Particles/SimpleLit' not found
Shader 'Universal Render Pipeline/Particles/Lit': fallback shader 'Universal Render Pipeline/Particles/SimpleLit' not found
Refreshing native plugins compatible for Editor in 0,49 ms, found 0 plugins.
Preloading 0 native plugins for Editor in 0,00 ms.
Unloading 2640 Unused Serialized files (Serialized files now loaded: 0)
System memory in use before: 116,4 MB.
System memory in use after: 114,8 MB.

Unloading 41 unused Assets to reduce memory usage. Loaded Objects now: 3219.
Total: 9,642589 ms (FindLiveObjects: 0,625231 ms CreateObjectMapping: 0,371665 ms MarkObjects: 6,896487 ms  DeleteObjects: 1,746637 ms)

========================================================================
Received Import Request.
  Time since last request: 182,759049 seconds.
  path: Assets/Scripts/PlayerController.cs
  artifactKey: Guid(4e35ce676b59d41a5b17e182af495d1b) Importer(815301076,1909f56bfc062723c751e8b465ee728b)
Start importing Assets/Scripts/PlayerController.cs using Guid(4e35ce676b59d41a5b17e182af495d1b) Importer(815301076,1909f56bfc062723c751e8b465ee728b)  -> (artifact id: '269350e452878fd601efd03a26724125') in 0,006174 seconds
  Import took 0,014364 seconds .

========================================================================
Received Import Request.
  Time since last request: 229,487101 seconds.
  path: Assets/Scripts/PlayerController.cs
  artifactKey: Guid(4e35ce676b59d41a5b17e182af495d1b) Importer(815301076,1909f56bfc062723c751e8b465ee728b)
Start importing Assets/Scripts/PlayerController.cs using Guid(4e35ce676b59d41a5b17e182af495d1b) Importer(815301076,1909f56bfc062723c751e8b465ee728b)  -> (artifact id: 'dea8da24b8dc6812bd3211d32711afe0') in 0,000683 seconds
  Import took 0,013000 seconds .

========================================================================
Received Prepare
Registering precompiled user dll's ...
Registered in 0,001028 seconds.
Begin MonoManager ReloadAssembly
Native extension for LinuxStandalone target not found
Native extension for WindowsStandalone target not found
Native extension for OSXStandalone target not found
Native extension for WebGL target not found
Refreshing native plugins compatible for Editor in 0,50 ms, found 0 plugins.
Preloading 0 native plugins for Editor in 0,00 ms.
Invoked RoslynAnalysisRunner static constructor.
RoslynAnalysisRunner will not be running.
RoslynAnalysisRunner has terminated.
Mono: successfully reloaded assembly
- Completed reload, in  0,964 seconds
Platform modules already initialized, skipping
Shader 'Universal Render Pipeline/Particles/Lit': fallback shader 'Universal Render Pipeline/Particles/SimpleLit' not found
Shader 'Universal Render Pipeline/Particles/Lit': fallback shader 'Universal Render Pipeline/Particles/SimpleLit' not found
Refreshing native plugins compatible for Editor in 0,47 ms, found 0 plugins.
Preloading 0 native plugins for Editor in 0,00 ms.
Unloading 2640 Unused Serialized files (Serialized files now loaded: 0)
System memory in use before: 116,4 MB.
System memory in use after: 114,9 MB.

Unloading 40 unused Assets to reduce memory usage. Loaded Objects now: 3221.
Total: 7,068547 ms (FindLiveObjects: 0,412357 ms CreateObjectMapping: 0,147157 ms MarkObjects: 3,876377 ms  DeleteObjects: 2,630108 ms)

========================================================================
Received Import Request.
  Time since last request: 17,067432 seconds.
  path: Assets/Scripts/PlayerController.cs
  artifactKey: Guid(4e35ce676b59d41a5b17e182af495d1b) Importer(815301076,1909f56bfc062723c751e8b465ee728b)
Start importing Assets/Scripts/PlayerController.cs using Guid(4e35ce676b59d41a5b17e182af495d1b) Importer(815301076,1909f56bfc062723c751e8b465ee728b)  -> (artifact id: 'b5471460bc3dc1daf95d185cb5d0cf6b') in 0,007574 seconds
  Import took 0,015693 seconds .

========================================================================
Received Prepare
Registering precompiled user dll's ...
Registered in 0,001191 seconds.
Begin MonoManager ReloadAssembly
Native extension for LinuxStandalone target not found
Native extension for WindowsStandalone target not found
Native extension for OSXStandalone target not found
Native extension for WebGL target not found
Refreshing native plugins compatible for Editor in 0,49 ms, found 0 plugins.
Preloading 0 native plugins for Editor in 0,00 ms.
Invoked RoslynAnalysisRunner static constructor.
RoslynAnalysisRunner will not be running.
RoslynAnalysisRunner has terminated.
Mono: successfully reloaded assembly
- Completed reload, in  0,917 seconds
Platform modules already initialized, skipping
Shader 'Universal Render Pipeline/Particles/Lit': fallback shader 'Universal Render Pipeline/Particles/SimpleLit' not found
Shader 'Universal Render Pipeline/Particles/Lit': fallback shader 'Universal Render Pipeline/Particles/SimpleLit' not found
Refreshing native plugins compatible for Editor in 0,47 ms, found 0 plugins.
Preloading 0 native plugins for Editor in 0,00 ms.
Unloading 2640 Unused Serialized files (Serialized files now loaded: 0)
System memory in use before: 116,4 MB.
System memory in use after: 114,9 MB.

Unloading 40 unused Assets to reduce memory usage. Loaded Objects now: 3223.
Total: 11,869466 ms (FindLiveObjects: 0,698594 ms CreateObjectMapping: 0,547295 ms MarkObjects: 7,210141 ms  DeleteObjects: 3,410898 ms)

========================================================================
Received Import Request.
  Time since last request: 256,675300 seconds.
  path: Assets/Scripts/PlayerController.cs
  artifactKey: Guid(4e35ce676b59d41a5b17e182af495d1b) Importer(815301076,1909f56bfc062723c751e8b465ee728b)
Start importing Assets/Scripts/PlayerController.cs using Guid(4e35ce676b59d41a5b17e182af495d1b) Importer(815301076,1909f56bfc062723c751e8b465ee728b)  -> (artifact id: '2ba685f8a2e3db9abc2b0258b922d4b1') in 0,016855 seconds
  Import took 0,027225 seconds .

========================================================================
Received Import Request.
  Time since last request: 0,010370 seconds.
  path: Assets/Scripts/PlayerController.cs
  artifactKey: Guid(4e35ce676b59d41a5b17e182af495d1b) Importer(815301076,1909f56bfc062723c751e8b465ee728b)
Start importing Assets/Scripts/PlayerController.cs using Guid(4e35ce676b59d41a5b17e182af495d1b) Importer(815301076,1909f56bfc062723c751e8b465ee728b)  -> (artifact id: '2ba685f8a2e3db9abc2b0258b922d4b1') in 0,002273 seconds
  Import took 0,015944 seconds .

========================================================================
Received Import Request.
  Time since last request: 19,706585 seconds.
  path: Assets/Scripts/PlayerController.cs
  artifactKey: Guid(4e35ce676b59d41a5b17e182af495d1b) Importer(815301076,1909f56bfc062723c751e8b465ee728b)
Start importing Assets/Scripts/PlayerController.cs using Guid(4e35ce676b59d41a5b17e182af495d1b) Importer(815301076,1909f56bfc062723c751e8b465ee728b)  -> (artifact id: 'a1c11d146c49a49394820608c948a3ee') in 0,001942 seconds
  Import took 0,013169 seconds .

========================================================================
Received Prepare
Registering precompiled user dll's ...
Registered in 0,001066 seconds.
Begin MonoManager ReloadAssembly
Native extension for LinuxStandalone target not found
Native extension for WindowsStandalone target not found
Native extension for OSXStandalone target not found
Native extension for WebGL target not found
Refreshing native plugins compatible for Editor in 0,51 ms, found 0 plugins.
Preloading 0 native plugins for Editor in 0,00 ms.
Invoked RoslynAnalysisRunner static constructor.
RoslynAnalysisRunner will not be running.
RoslynAnalysisRunner has terminated.
Mono: successfully reloaded assembly
- Completed reload, in  1,074 seconds
Platform modules already initialized, skipping
Shader 'Universal Render Pipeline/Particles/Lit': fallback shader 'Universal Render Pipeline/Particles/SimpleLit' not found
Shader 'Universal Render Pipeline/Particles/Lit': fallback shader 'Universal Render Pipeline/Particles/SimpleLit' not found
Refreshing native plugins compatible for Editor in 0,65 ms, found 0 plugins.
Preloading 0 native plugins for Editor in 0,00 ms.
Unloading 2640 Unused Serialized files (Serialized files now loaded: 0)
System memory in use before: 116,5 MB.
System memory in use after: 114,9 MB.

Unloading 40 unused Assets to reduce memory usage. Loaded Objects now: 3225.
Total: 8,369364 ms (FindLiveObjects: 0,420973 ms CreateObjectMapping: 0,280020 ms MarkObjects: 4,997667 ms  DeleteObjects: 2,668979 ms)

========================================================================
Received Import Request.
  Time since last request: 199,019521 seconds.
  path: Assets/Scripts/PlayerController.cs
  artifactKey: Guid(4e35ce676b59d41a5b17e182af495d1b) Importer(815301076,1909f56bfc062723c751e8b465ee728b)
Start importing Assets/Scripts/PlayerController.cs using Guid(4e35ce676b59d41a5b17e182af495d1b) Importer(815301076,1909f56bfc062723c751e8b465ee728b)  -> (artifact id: '2639c270f50e59263e1f42e1f927cf44') in 0,005612 seconds
  Import took 0,012890 seconds .

========================================================================
Received Import Request.
  Time since last request: 0,044351 seconds.
  path: Assets/Scripts/PlayerController.cs
  artifactKey: Guid(4e35ce676b59d41a5b17e182af495d1b) Importer(815301076,1909f56bfc062723c751e8b465ee728b)
Start importing Assets/Scripts/PlayerController.cs using Guid(4e35ce676b59d41a5b17e182af495d1b) Importer(815301076,1909f56bfc062723c751e8b465ee728b)  -> (artifact id: '2639c270f50e59263e1f42e1f927cf44') in 0,000905 seconds
  Import took 0,009832 seconds .

========================================================================
Received Prepare
Registering precompiled user dll's ...
Registered in 0,001039 seconds.
Begin MonoManager ReloadAssembly
Native extension for LinuxStandalone target not found
Native extension for WindowsStandalone target not found
Native extension for OSXStandalone target not found
Native extension for WebGL target not found
Refreshing native plugins compatible for Editor in 2,01 ms, found 0 plugins.
Preloading 0 native plugins for Editor in 0,00 ms.
Invoked RoslynAnalysisRunner static constructor.
RoslynAnalysisRunner will not be running.
RoslynAnalysisRunner has terminated.
Mono: successfully reloaded assembly
- Completed reload, in  1,916 seconds
Platform modules already initialized, skipping
Shader 'Universal Render Pipeline/Particles/Lit': fallback shader 'Universal Render Pipeline/Particles/SimpleLit' not found
Shader 'Universal Render Pipeline/Particles/Lit': fallback shader 'Universal Render Pipeline/Particles/SimpleLit' not found
Refreshing native plugins compatible for Editor in 0,70 ms, found 0 plugins.
Preloading 0 native plugins for Editor in 0,00 ms.
Unloading 2640 Unused Serialized files (Serialized files now loaded: 0)
System memory in use before: 116,5 MB.
System memory in use after: 114,9 MB.

Unloading 40 unused Assets to reduce memory usage. Loaded Objects now: 3227.
Total: 12,663061 ms (FindLiveObjects: 1,534149 ms CreateObjectMapping: 1,718884 ms MarkObjects: 6,117776 ms  DeleteObjects: 3,288640 ms)

========================================================================
Received Prepare
Registering precompiled user dll's ...
Registered in 0,000919 seconds.
Begin MonoManager ReloadAssembly
Native extension for LinuxStandalone target not found
Native extension for WindowsStandalone target not found
Native extension for OSXStandalone target not found
Native extension for WebGL target not found
Refreshing native plugins compatible for Editor in 0,50 ms, found 0 plugins.
Preloading 0 native plugins for Editor in 0,00 ms.
Invoked RoslynAnalysisRunner static constructor.
RoslynAnalysisRunner will not be running.
RoslynAnalysisRunner has terminated.
Mono: successfully reloaded assembly
- Completed reload, in  0,979 seconds
Platform modules already initialized, skipping
Shader 'Universal Render Pipeline/Particles/Lit': fallback shader 'Universal Render Pipeline/Particles/SimpleLit' not found
Shader 'Universal Render Pipeline/Particles/Lit': fallback shader 'Universal Render Pipeline/Particles/SimpleLit' not found
Refreshing native plugins compatible for Editor in 0,46 ms, found 0 plugins.
Preloading 0 native plugins for Editor in 0,00 ms.
Unloading 2640 Unused Serialized files (Serialized files now loaded: 0)
System memory in use before: 116,5 MB.
System memory in use after: 114,9 MB.

Unloading 40 unused Assets to reduce memory usage. Loaded Objects now: 3229.
Total: 11,693009 ms (FindLiveObjects: 0,650571 ms CreateObjectMapping: 0,331803 ms MarkObjects: 8,744496 ms  DeleteObjects: 1,963610 ms)

========================================================================
Received Prepare
Registering precompiled user dll's ...
Registered in 0,001039 seconds.
Begin MonoManager ReloadAssembly
Native extension for LinuxStandalone target not found
Native extension for WindowsStandalone target not found
Native extension for OSXStandalone target not found
Native extension for WebGL target not found
Refreshing native plugins compatible for Editor in 0,61 ms, found 0 plugins.
Preloading 0 native plugins for Editor in 0,00 ms.
Invoked RoslynAnalysisRunner static constructor.
RoslynAnalysisRunner will not be running.
RoslynAnalysisRunner has terminated.
Mono: successfully reloaded assembly
- Completed reload, in  1,016 seconds
Platform modules already initialized, skipping
Shader 'Universal Render Pipeline/Particles/Lit': fallback shader 'Universal Render Pipeline/Particles/SimpleLit' not found
Shader 'Universal Render Pipeline/Particles/Lit': fallback shader 'Universal Render Pipeline/Particles/SimpleLit' not found
Refreshing native plugins compatible for Editor in 0,46 ms, found 0 plugins.
Preloading 0 native plugins for Editor in 0,00 ms.
Unloading 2640 Unused Serialized files (Serialized files now loaded: 0)
System memory in use before: 116,5 MB.
System memory in use after: 114,9 MB.

Unloading 40 unused Assets to reduce memory usage. Loaded Objects now: 3231.
Total: 5,522697 ms (FindLiveObjects: 0,331731 ms CreateObjectMapping: 0,148542 ms MarkObjects: 3,196949 ms  DeleteObjects: 1,844241 ms)

========================================================================
Received Import Request.
  Time since last request: 291,173544 seconds.
  path: Assets/Scripts/PlayerController.cs
  artifactKey: Guid(4e35ce676b59d41a5b17e182af495d1b) Importer(815301076,1909f56bfc062723c751e8b465ee728b)
Start importing Assets/Scripts/PlayerController.cs using Guid(4e35ce676b59d41a5b17e182af495d1b) Importer(815301076,1909f56bfc062723c751e8b465ee728b)  -> (artifact id: '0a28d08bd5b8ec620594201b3c8a2f4e') in 0,005732 seconds
  Import took 0,012242 seconds .

========================================================================
Received Prepare
Registering precompiled user dll's ...
Registered in 0,000984 seconds.
Begin MonoManager ReloadAssembly
Native extension for LinuxStandalone target not found
Native extension for WindowsStandalone target not found
Native extension for OSXStandalone target not found
Native extension for WebGL target not found
Refreshing native plugins compatible for Editor in 0,77 ms, found 0 plugins.
Preloading 0 native plugins for Editor in 0,00 ms.
Invoked RoslynAnalysisRunner static constructor.
RoslynAnalysisRunner will not be running.
RoslynAnalysisRunner has terminated.
Mono: successfully reloaded assembly
- Completed reload, in  1,252 seconds
Platform modules already initialized, skipping
Shader 'Universal Render Pipeline/Particles/Lit': fallback shader 'Universal Render Pipeline/Particles/SimpleLit' not found
Shader 'Universal Render Pipeline/Particles/Lit': fallback shader 'Universal Render Pipeline/Particles/SimpleLit' not found
Refreshing native plugins compatible for Editor in 2,18 ms, found 0 plugins.
Preloading 0 native plugins for Editor in 0,00 ms.
Unloading 2640 Unused Serialized files (Serialized files now loaded: 0)
System memory in use before: 116,5 MB.
System memory in use after: 114,9 MB.

Unloading 40 unused Assets to reduce memory usage. Loaded Objects now: 3233.
Total: 12,094036 ms (FindLiveObjects: 0,307167 ms CreateObjectMapping: 0,121177 ms MarkObjects: 8,731347 ms  DeleteObjects: 2,932556 ms)

========================================================================
Received Prepare
Registering precompiled user dll's ...
Registered in 0,001665 seconds.
Begin MonoManager ReloadAssembly
Native extension for LinuxStandalone target not found
Native extension for WindowsStandalone target not found
Native extension for OSXStandalone target not found
Native extension for WebGL target not found
Refreshing native plugins compatible for Editor in 0,55 ms, found 0 plugins.
Preloading 0 native plugins for Editor in 0,00 ms.
Invoked RoslynAnalysisRunner static constructor.
RoslynAnalysisRunner will not be running.
RoslynAnalysisRunner has terminated.
Mono: successfully reloaded assembly
- Completed reload, in  1,060 seconds
Platform modules already initialized, skipping
Shader 'Universal Render Pipeline/Particles/Lit': fallback shader 'Universal Render Pipeline/Particles/SimpleLit' not found
Shader 'Universal Render Pipeline/Particles/Lit': fallback shader 'Universal Render Pipeline/Particles/SimpleLit' not found
Refreshing native plugins compatible for Editor in 0,50 ms, found 0 plugins.
Preloading 0 native plugins for Editor in 0,00 ms.
Unloading 2641 Unused Serialized files (Serialized files now loaded: 0)
System memory in use before: 116,5 MB.
System memory in use after: 115,0 MB.

Unloading 40 unused Assets to reduce memory usage. Loaded Objects now: 3236.
Total: 5,497095 ms (FindLiveObjects: 0,340782 ms CreateObjectMapping: 0,115029 ms MarkObjects: 3,263217 ms  DeleteObjects: 1,777037 ms)

========================================================================
Received Prepare
Registering precompiled user dll's ...
Registered in 0,002625 seconds.
Begin MonoManager ReloadAssembly
Native extension for LinuxStandalone target not found
Native extension for WindowsStandalone target not found
Native extension for OSXStandalone target not found
Native extension for WebGL target not found
Refreshing native plugins compatible for Editor in 1,71 ms, found 0 plugins.
Preloading 0 native plugins for Editor in 0,00 ms.
Invoked RoslynAnalysisRunner static constructor.
RoslynAnalysisRunner will not be running.
RoslynAnalysisRunner has terminated.
Mono: successfully reloaded assembly
- Completed reload, in  1,157 seconds
Platform modules already initialized, skipping
Shader 'Universal Render Pipeline/Particles/Lit': fallback shader 'Universal Render Pipeline/Particles/SimpleLit' not found
Shader 'Universal Render Pipeline/Particles/Lit': fallback shader 'Universal Render Pipeline/Particles/SimpleLit' not found
Refreshing native plugins compatible for Editor in 2,59 ms, found 0 plugins.
Preloading 0 native plugins for Editor in 0,00 ms.
Unloading 2641 Unused Serialized files (Serialized files now loaded: 0)
System memory in use before: 116,5 MB.
System memory in use after: 115,0 MB.

Unloading 40 unused Assets to reduce memory usage. Loaded Objects now: 3238.
Total: 12,104507 ms (FindLiveObjects: 0,512007 ms CreateObjectMapping: 0,367343 ms MarkObjects: 8,860222 ms  DeleteObjects: 2,360461 ms)

========================================================================
Received Prepare
Registering precompiled user dll's ...
Registered in 0,001003 seconds.
Begin MonoManager ReloadAssembly
Native extension for LinuxStandalone target not found
Native extension for WindowsStandalone target not found
Native extension for OSXStandalone target not found
Native extension for WebGL target not found
Refreshing native plugins compatible for Editor in 0,65 ms, found 0 plugins.
Preloading 0 native plugins for Editor in 0,00 ms.
Invoked RoslynAnalysisRunner static constructor.
RoslynAnalysisRunner will not be running.
RoslynAnalysisRunner has terminated.
Mono: successfully reloaded assembly
- Completed reload, in  1,016 seconds
Platform modules already initialized, skipping
Shader 'Universal Render Pipeline/Particles/Lit': fallback shader 'Universal Render Pipeline/Particles/SimpleLit' not found
Shader 'Universal Render Pipeline/Particles/Lit': fallback shader 'Universal Render Pipeline/Particles/SimpleLit' not found
Refreshing native plugins compatible for Editor in 0,54 ms, found 0 plugins.
Preloading 0 native plugins for Editor in 0,00 ms.
Unloading 2641 Unused Serialized files (Serialized files now loaded: 0)
System memory in use before: 116,5 MB.
System memory in use after: 115,0 MB.

Unloading 40 unused Assets to reduce memory usage. Loaded Objects now: 3240.
Total: 12,076680 ms (FindLiveObjects: 0,436885 ms CreateObjectMapping: 0,301788 ms MarkObjects: 8,871657 ms  DeleteObjects: 2,464683 ms)

========================================================================
Received Import Request.
  Time since last request: 369,593920 seconds.
  path: Assets/Scripts/PickUpSound.cs
  artifactKey: Guid(70304827201c0a8e587c22de8173d597) Importer(815301076,1909f56bfc062723c751e8b465ee728b)
Start importing Assets/Scripts/PickUpSound.cs using Guid(70304827201c0a8e587c22de8173d597) Importer(815301076,1909f56bfc062723c751e8b465ee728b)  -> (artifact id: 'f78551cc6808b10ebf73a547ef1e2504') in 0,004987 seconds
  Import took 0,015394 seconds .

========================================================================
Received Import Request.
  Time since last request: 0,001408 seconds.
  path: Assets/Scripts/PickUpSound.cs
  artifactKey: Guid(70304827201c0a8e587c22de8173d597) Importer(815301076,1909f56bfc062723c751e8b465ee728b)
Start importing Assets/Scripts/PickUpSound.cs using Guid(70304827201c0a8e587c22de8173d597) Importer(815301076,1909f56bfc062723c751e8b465ee728b)  -> (artifact id: 'f78551cc6808b10ebf73a547ef1e2504') in 0,000749 seconds
  Import took 0,011701 seconds .

========================================================================
Received Prepare
Registering precompiled user dll's ...
Registered in 0,000955 seconds.
Begin MonoManager ReloadAssembly
Native extension for LinuxStandalone target not found
Native extension for WindowsStandalone target not found
Native extension for OSXStandalone target not found
Native extension for WebGL target not found
Refreshing native plugins compatible for Editor in 0,49 ms, found 0 plugins.
Preloading 0 native plugins for Editor in 0,00 ms.
Invoked RoslynAnalysisRunner static constructor.
RoslynAnalysisRunner will not be running.
RoslynAnalysisRunner has terminated.
Mono: successfully reloaded assembly
- Completed reload, in  0,914 seconds
Platform modules already initialized, skipping
Shader 'Universal Render Pipeline/Particles/Lit': fallback shader 'Universal Render Pipeline/Particles/SimpleLit' not found
Shader 'Universal Render Pipeline/Particles/Lit': fallback shader 'Universal Render Pipeline/Particles/SimpleLit' not found
Refreshing native plugins compatible for Editor in 0,46 ms, found 0 plugins.
Preloading 0 native plugins for Editor in 0,00 ms.
Unloading 2641 Unused Serialized files (Serialized files now loaded: 0)
System memory in use before: 116,5 MB.
System memory in use after: 115,0 MB.

Unloading 40 unused Assets to reduce memory usage. Loaded Objects now: 3242.
Total: 6,226997 ms (FindLiveObjects: 0,372415 ms CreateObjectMapping: 0,147111 ms MarkObjects: 3,693213 ms  DeleteObjects: 2,012639 ms)

========================================================================
Received Import Request.
  Time since last request: 79,940061 seconds.
  path: Assets/Scripts/PickUpSound.cs
  artifactKey: Guid(70304827201c0a8e587c22de8173d597) Importer(815301076,1909f56bfc062723c751e8b465ee728b)
Start importing Assets/Scripts/PickUpSound.cs using Guid(70304827201c0a8e587c22de8173d597) Importer(815301076,1909f56bfc062723c751e8b465ee728b)  -> (artifact id: '1e30b1547e0fd0ce8c202ababb8464ea') in 0,009142 seconds
  Import took 0,024718 seconds .

========================================================================
Received Import Request.
  Time since last request: 0,007769 seconds.
  path: Assets/Scripts/PickUpSound.cs
  artifactKey: Guid(70304827201c0a8e587c22de8173d597) Importer(815301076,1909f56bfc062723c751e8b465ee728b)
Start importing Assets/Scripts/PickUpSound.cs using Guid(70304827201c0a8e587c22de8173d597) Importer(815301076,1909f56bfc062723c751e8b465ee728b)  -> (artifact id: '1e30b1547e0fd0ce8c202ababb8464ea') in 0,000985 seconds
  Import took 0,017124 seconds .

========================================================================
Received Prepare
Registering precompiled user dll's ...
Registered in 0,001009 seconds.
Begin MonoManager ReloadAssembly
Native extension for LinuxStandalone target not found
Native extension for WindowsStandalone target not found
Native extension for OSXStandalone target not found
Native extension for WebGL target not found
Refreshing native plugins compatible for Editor in 0,48 ms, found 0 plugins.
Preloading 0 native plugins for Editor in 0,00 ms.
Invoked RoslynAnalysisRunner static constructor.
RoslynAnalysisRunner will not be running.
RoslynAnalysisRunner has terminated.
Mono: successfully reloaded assembly
- Completed reload, in  1,014 seconds
Platform modules already initialized, skipping
Shader 'Universal Render Pipeline/Particles/Lit': fallback shader 'Universal Render Pipeline/Particles/SimpleLit' not found
Shader 'Universal Render Pipeline/Particles/Lit': fallback shader 'Universal Render Pipeline/Particles/SimpleLit' not found
Refreshing native plugins compatible for Editor in 0,50 ms, found 0 plugins.
Preloading 0 native plugins for Editor in 0,00 ms.
Unloading 2641 Unused Serialized files (Serialized files now loaded: 0)
System memory in use before: 116,6 MB.
System memory in use after: 115,0 MB.

Unloading 40 unused Assets to reduce memory usage. Loaded Objects now: 3244.
Total: 5,588763 ms (FindLiveObjects: 0,290026 ms CreateObjectMapping: 0,115310 ms MarkObjects: 3,398270 ms  DeleteObjects: 1,783891 ms)

========================================================================
Received Import Request.
  Time since last request: 140,857093 seconds.
  path: Assets/Scripts/PlayerController.cs
  artifactKey: Guid(4e35ce676b59d41a5b17e182af495d1b) Importer(815301076,1909f56bfc062723c751e8b465ee728b)
Start importing Assets/Scripts/PlayerController.cs using Guid(4e35ce676b59d41a5b17e182af495d1b) Importer(815301076,1909f56bfc062723c751e8b465ee728b)  -> (artifact id: 'a10eff8f3e14d88b39e23e7597f55a1f') in 0,004626 seconds
  Import took 0,010539 seconds .

========================================================================
Received Import Request.
  Time since last request: 2,117255 seconds.
  path: Assets/Scripts/PlayerController.cs
  artifactKey: Guid(4e35ce676b59d41a5b17e182af495d1b) Importer(815301076,1909f56bfc062723c751e8b465ee728b)
Start importing Assets/Scripts/PlayerController.cs using Guid(4e35ce676b59d41a5b17e182af495d1b) Importer(815301076,1909f56bfc062723c751e8b465ee728b)  -> (artifact id: 'a10eff8f3e14d88b39e23e7597f55a1f') in 0,000692 seconds
  Import took 0,006179 seconds .

========================================================================
Received Import Request.
  Time since last request: 53,638955 seconds.
  path: Assets/Scripts/PickUpSound.cs
  artifactKey: Guid(70304827201c0a8e587c22de8173d597) Importer(815301076,1909f56bfc062723c751e8b465ee728b)
Start importing Assets/Scripts/PickUpSound.cs using Guid(70304827201c0a8e587c22de8173d597) Importer(815301076,1909f56bfc062723c751e8b465ee728b)  -> (artifact id: '5407dbd3c7a153780f132765d0118278') in 0,000655 seconds
  Import took 0,005881 seconds .

========================================================================
Received Import Request.
  Time since last request: 0,001219 seconds.
  path: Assets/Scripts/PickUpSound.cs
  artifactKey: Guid(70304827201c0a8e587c22de8173d597) Importer(815301076,1909f56bfc062723c751e8b465ee728b)
Start importing Assets/Scripts/PickUpSound.cs using Guid(70304827201c0a8e587c22de8173d597) Importer(815301076,1909f56bfc062723c751e8b465ee728b)  -> (artifact id: '5407dbd3c7a153780f132765d0118278') in 0,001722 seconds
  Import took 0,011024 seconds .

========================================================================
Received Prepare
Registering precompiled user dll's ...
Registered in 0,000926 seconds.
Begin MonoManager ReloadAssembly
Native extension for LinuxStandalone target not found
Native extension for WindowsStandalone target not found
Native extension for OSXStandalone target not found
Native extension for WebGL target not found
Refreshing native plugins compatible for Editor in 0,52 ms, found 0 plugins.
Preloading 0 native plugins for Editor in 0,00 ms.
Invoked RoslynAnalysisRunner static constructor.
RoslynAnalysisRunner will not be running.
RoslynAnalysisRunner has terminated.
Mono: successfully reloaded assembly
- Completed reload, in  1,012 seconds
Platform modules already initialized, skipping
Shader 'Universal Render Pipeline/Particles/Lit': fallback shader 'Universal Render Pipeline/Particles/SimpleLit' not found
Shader 'Universal Render Pipeline/Particles/Lit': fallback shader 'Universal Render Pipeline/Particles/SimpleLit' not found
Refreshing native plugins compatible for Editor in 0,58 ms, found 0 plugins.
Preloading 0 native plugins for Editor in 0,00 ms.
Unloading 2641 Unused Serialized files (Serialized files now loaded: 0)
System memory in use before: 116,4 MB.
System memory in use after: 114,9 MB.

Unloading 40 unused Assets to reduce memory usage. Loaded Objects now: 3246.
Total: 7,036655 ms (FindLiveObjects: 0,406259 ms CreateObjectMapping: 0,122299 ms MarkObjects: 4,313828 ms  DeleteObjects: 2,191327 ms)

========================================================================
Received Prepare
Registering precompiled user dll's ...
Registered in 0,001084 seconds.
Begin MonoManager ReloadAssembly
Native extension for LinuxStandalone target not found
Native extension for WindowsStandalone target not found
Native extension for OSXStandalone target not found
Native extension for WebGL target not found
Refreshing native plugins compatible for Editor in 0,58 ms, found 0 plugins.
Preloading 0 native plugins for Editor in 0,00 ms.
Invoked RoslynAnalysisRunner static constructor.
RoslynAnalysisRunner will not be running.
RoslynAnalysisRunner has terminated.
Mono: successfully reloaded assembly
- Completed reload, in  1,473 seconds
Platform modules already initialized, skipping
Shader 'Universal Render Pipeline/Particles/Lit': fallback shader 'Universal Render Pipeline/Particles/SimpleLit' not found
Shader 'Universal Render Pipeline/Particles/Lit': fallback shader 'Universal Render Pipeline/Particles/SimpleLit' not found
Refreshing native plugins compatible for Editor in 1,51 ms, found 0 plugins.
Preloading 0 native plugins for Editor in 0,00 ms.
Unloading 2641 Unused Serialized files (Serialized files now loaded: 0)
System memory in use before: 116,6 MB.
System memory in use after: 115,0 MB.

Unloading 40 unused Assets to reduce memory usage. Loaded Objects now: 3248.
Total: 8,753686 ms (FindLiveObjects: 0,450951 ms CreateObjectMapping: 0,315360 ms MarkObjects: 5,154665 ms  DeleteObjects: 2,830816 ms)

========================================================================
Received Prepare
Registering precompiled user dll's ...
Registered in 0,001803 seconds.
Begin MonoManager ReloadAssembly
Native extension for LinuxStandalone target not found
Native extension for WindowsStandalone target not found
Native extension for OSXStandalone target not found
Native extension for WebGL target not found
Refreshing native plugins compatible for Editor in 0,51 ms, found 0 plugins.
Preloading 0 native plugins for Editor in 0,00 ms.
Invoked RoslynAnalysisRunner static constructor.
RoslynAnalysisRunner will not be running.
RoslynAnalysisRunner has terminated.
Mono: successfully reloaded assembly
- Completed reload, in  1,099 seconds
Platform modules already initialized, skipping
Shader 'Universal Render Pipeline/Particles/Lit': fallback shader 'Universal Render Pipeline/Particles/SimpleLit' not found
Shader 'Universal Render Pipeline/Particles/Lit': fallback shader 'Universal Render Pipeline/Particles/SimpleLit' not found
Refreshing native plugins compatible for Editor in 0,46 ms, found 0 plugins.
Preloading 0 native plugins for Editor in 0,00 ms.
Unloading 2641 Unused Serialized files (Serialized files now loaded: 0)
System memory in use before: 116,6 MB.
System memory in use after: 115,0 MB.

Unloading 40 unused Assets to reduce memory usage. Loaded Objects now: 3250.
Total: 7,420749 ms (FindLiveObjects: 0,403034 ms CreateObjectMapping: 0,167587 ms MarkObjects: 4,512976 ms  DeleteObjects: 2,335711 ms)

========================================================================
Received Import Request.
  Time since last request: 833,184464 seconds.
  path: Assets/Scripts/PlayerController.cs
  artifactKey: Guid(4e35ce676b59d41a5b17e182af495d1b) Importer(815301076,1909f56bfc062723c751e8b465ee728b)
Start importing Assets/Scripts/PlayerController.cs using Guid(4e35ce676b59d41a5b17e182af495d1b) Importer(815301076,1909f56bfc062723c751e8b465ee728b)  -> (artifact id: '7066f586289a9a836fd6f1a6f7f6a6fc') in 0,006365 seconds
  Import took 0,013499 seconds .

========================================================================
Received Import Request.
  Time since last request: 0,027182 seconds.
  path: Assets/Scripts/PlayerController.cs
  artifactKey: Guid(4e35ce676b59d41a5b17e182af495d1b) Importer(815301076,1909f56bfc062723c751e8b465ee728b)
Start importing Assets/Scripts/PlayerController.cs using Guid(4e35ce676b59d41a5b17e182af495d1b) Importer(815301076,1909f56bfc062723c751e8b465ee728b)  -> (artifact id: '7066f586289a9a836fd6f1a6f7f6a6fc') in 0,000934 seconds
  Import took 0,009661 seconds .

========================================================================
Received Prepare
Registering precompiled user dll's ...
Registered in 0,001159 seconds.
Begin MonoManager ReloadAssembly
Native extension for LinuxStandalone target not found
Native extension for WindowsStandalone target not found
Native extension for OSXStandalone target not found
Native extension for WebGL target not found
Refreshing native plugins compatible for Editor in 0,51 ms, found 0 plugins.
Preloading 0 native plugins for Editor in 0,00 ms.
Invoked RoslynAnalysisRunner static constructor.
RoslynAnalysisRunner will not be running.
RoslynAnalysisRunner has terminated.
Mono: successfully reloaded assembly
- Completed reload, in  0,965 seconds
Platform modules already initialized, skipping
Shader 'Universal Render Pipeline/Particles/Lit': fallback shader 'Universal Render Pipeline/Particles/SimpleLit' not found
Shader 'Universal Render Pipeline/Particles/Lit': fallback shader 'Universal Render Pipeline/Particles/SimpleLit' not found
Refreshing native plugins compatible for Editor in 0,54 ms, found 0 plugins.
Preloading 0 native plugins for Editor in 0,00 ms.
Unloading 2641 Unused Serialized files (Serialized files now loaded: 0)
System memory in use before: 116,6 MB.
System memory in use after: 115,0 MB.

Unloading 40 unused Assets to reduce memory usage. Loaded Objects now: 3252.
Total: 5,766658 ms (FindLiveObjects: 0,376199 ms CreateObjectMapping: 0,262344 ms MarkObjects: 3,280199 ms  DeleteObjects: 1,846185 ms)

========================================================================
Received Import Request.
  Time since last request: 29,402622 seconds.
  path: Assets/Scripts/PlayerController.cs
  artifactKey: Guid(4e35ce676b59d41a5b17e182af495d1b) Importer(815301076,1909f56bfc062723c751e8b465ee728b)
Start importing Assets/Scripts/PlayerController.cs using Guid(4e35ce676b59d41a5b17e182af495d1b) Importer(815301076,1909f56bfc062723c751e8b465ee728b)  -> (artifact id: '5cccd4c8d01ed061989be41794f21a40') in 0,004950 seconds
  Import took 0,013296 seconds .

========================================================================
Received Import Request.
  Time since last request: 0,038448 seconds.
  path: Assets/Scripts/PlayerController.cs
  artifactKey: Guid(4e35ce676b59d41a5b17e182af495d1b) Importer(815301076,1909f56bfc062723c751e8b465ee728b)
Start importing Assets/Scripts/PlayerController.cs using Guid(4e35ce676b59d41a5b17e182af495d1b) Importer(815301076,1909f56bfc062723c751e8b465ee728b)  -> (artifact id: '5cccd4c8d01ed061989be41794f21a40') in 0,000674 seconds
  Import took 0,007258 seconds .

========================================================================
Received Prepare
Registering precompiled user dll's ...
Registered in 0,001049 seconds.
Begin MonoManager ReloadAssembly
Native extension for LinuxStandalone target not found
Native extension for WindowsStandalone target not found
Native extension for OSXStandalone target not found
Native extension for WebGL target not found
Refreshing native plugins compatible for Editor in 0,48 ms, found 0 plugins.
Preloading 0 native plugins for Editor in 0,00 ms.
Invoked RoslynAnalysisRunner static constructor.
RoslynAnalysisRunner will not be running.
RoslynAnalysisRunner has terminated.
Mono: successfully reloaded assembly
- Completed reload, in  1,077 seconds
Platform modules already initialized, skipping
Shader 'Universal Render Pipeline/Particles/Lit': fallback shader 'Universal Render Pipeline/Particles/SimpleLit' not found
Shader 'Universal Render Pipeline/Particles/Lit': fallback shader 'Universal Render Pipeline/Particles/SimpleLit' not found
Refreshing native plugins compatible for Editor in 0,47 ms, found 0 plugins.
Preloading 0 native plugins for Editor in 0,00 ms.
Unloading 2641 Unused Serialized files (Serialized files now loaded: 0)
System memory in use before: 116,6 MB.
System memory in use after: 115,0 MB.

Unloading 40 unused Assets to reduce memory usage. Loaded Objects now: 3254.
Total: 5,601437 ms (FindLiveObjects: 0,294749 ms CreateObjectMapping: 0,116467 ms MarkObjects: 3,372596 ms  DeleteObjects: 1,816346 ms)

========================================================================
Received Prepare
Registering precompiled user dll's ...
Registered in 0,000981 seconds.
Begin MonoManager ReloadAssembly
Native extension for LinuxStandalone target not found
Native extension for WindowsStandalone target not found
Native extension for OSXStandalone target not found
Native extension for WebGL target not found
Refreshing native plugins compatible for Editor in 0,52 ms, found 0 plugins.
Preloading 0 native plugins for Editor in 0,00 ms.
Invoked RoslynAnalysisRunner static constructor.
RoslynAnalysisRunner will not be running.
RoslynAnalysisRunner has terminated.
Mono: successfully reloaded assembly
- Completed reload, in  1,024 seconds
Platform modules already initialized, skipping
Shader 'Universal Render Pipeline/Particles/Lit': fallback shader 'Universal Render Pipeline/Particles/SimpleLit' not found
Shader 'Universal Render Pipeline/Particles/Lit': fallback shader 'Universal Render Pipeline/Particles/SimpleLit' not found
Refreshing native plugins compatible for Editor in 0,83 ms, found 0 plugins.
Preloading 0 native plugins for Editor in 0,00 ms.
Unloading 2641 Unused Serialized files (Serialized files now loaded: 0)
System memory in use before: 116,5 MB.
System memory in use after: 114,9 MB.

Unloading 40 unused Assets to reduce memory usage. Loaded Objects now: 3256.
Total: 6,466838 ms (FindLiveObjects: 0,285606 ms CreateObjectMapping: 0,112519 ms MarkObjects: 3,971382 ms  DeleteObjects: 2,095920 ms)

========================================================================
Received Prepare
Registering precompiled user dll's ...
Registered in 0,001674 seconds.
Begin MonoManager ReloadAssembly
Native extension for LinuxStandalone target not found
Native extension for WindowsStandalone target not found
Native extension for OSXStandalone target not found
Native extension for WebGL target not found
Refreshing native plugins compatible for Editor in 0,49 ms, found 0 plugins.
Preloading 0 native plugins for Editor in 0,00 ms.
Invoked RoslynAnalysisRunner static constructor.
RoslynAnalysisRunner will not be running.
RoslynAnalysisRunner has terminated.
Mono: successfully reloaded assembly
- Completed reload, in  1,371 seconds
Platform modules already initialized, skipping
Shader 'Universal Render Pipeline/Particles/Lit': fallback shader 'Universal Render Pipeline/Particles/SimpleLit' not found
Shader 'Universal Render Pipeline/Particles/Lit': fallback shader 'Universal Render Pipeline/Particles/SimpleLit' not found
Refreshing native plugins compatible for Editor in 0,60 ms, found 0 plugins.
Preloading 0 native plugins for Editor in 0,00 ms.
Unloading 2641 Unused Serialized files (Serialized files now loaded: 0)
System memory in use before: 116,6 MB.
System memory in use after: 115,0 MB.

Unloading 40 unused Assets to reduce memory usage. Loaded Objects now: 3258.
Total: 8,031189 ms (FindLiveObjects: 1,360413 ms CreateObjectMapping: 0,213210 ms MarkObjects: 4,196299 ms  DeleteObjects: 2,257848 ms)

========================================================================
Received Import Request.
  Time since last request: 451,373362 seconds.
  path: Assets/Scripts/PlayerController.cs
  artifactKey: Guid(4e35ce676b59d41a5b17e182af495d1b) Importer(815301076,1909f56bfc062723c751e8b465ee728b)
Start importing Assets/Scripts/PlayerController.cs using Guid(4e35ce676b59d41a5b17e182af495d1b) Importer(815301076,1909f56bfc062723c751e8b465ee728b)  -> (artifact id: '30a37d9fd712c2f4a154d67756769ce9') in 0,008030 seconds
  Import took 0,016325 seconds .

========================================================================
Received Import Request.
  Time since last request: 0,019515 seconds.
  path: Assets/Scripts/PlayerController.cs
  artifactKey: Guid(4e35ce676b59d41a5b17e182af495d1b) Importer(815301076,1909f56bfc062723c751e8b465ee728b)
Start importing Assets/Scripts/PlayerController.cs using Guid(4e35ce676b59d41a5b17e182af495d1b) Importer(815301076,1909f56bfc062723c751e8b465ee728b)  -> (artifact id: '30a37d9fd712c2f4a154d67756769ce9') in 0,001905 seconds
  Import took 0,010907 seconds .

========================================================================
Received Prepare
Registering precompiled user dll's ...
Registered in 0,001032 seconds.
Begin MonoManager ReloadAssembly
Native extension for LinuxStandalone target not found
Native extension for WindowsStandalone target not found
Native extension for OSXStandalone target not found
Native extension for WebGL target not found
Refreshing native plugins compatible for Editor in 0,59 ms, found 0 plugins.
Preloading 0 native plugins for Editor in 0,00 ms.
Invoked RoslynAnalysisRunner static constructor.
RoslynAnalysisRunner will not be running.
RoslynAnalysisRunner has terminated.
Mono: successfully reloaded assembly
- Completed reload, in  1,197 seconds
Platform modules already initialized, skipping
Shader 'Universal Render Pipeline/Particles/Lit': fallback shader 'Universal Render Pipeline/Particles/SimpleLit' not found
Shader 'Universal Render Pipeline/Particles/Lit': fallback shader 'Universal Render Pipeline/Particles/SimpleLit' not found
Refreshing native plugins compatible for Editor in 0,59 ms, found 0 plugins.
Preloading 0 native plugins for Editor in 0,00 ms.
Unloading 2641 Unused Serialized files (Serialized files now loaded: 0)
System memory in use before: 116,6 MB.
System memory in use after: 115,1 MB.

Unloading 40 unused Assets to reduce memory usage. Loaded Objects now: 3260.
Total: 8,161442 ms (FindLiveObjects: 1,720701 ms CreateObjectMapping: 0,565694 ms MarkObjects: 3,868771 ms  DeleteObjects: 2,000546 ms)

========================================================================
Received Import Request.
  Time since last request: 73,083017 seconds.
  path: Assets/Scripts/PlayerController.cs
  artifactKey: Guid(4e35ce676b59d41a5b17e182af495d1b) Importer(815301076,1909f56bfc062723c751e8b465ee728b)
Start importing Assets/Scripts/PlayerController.cs using Guid(4e35ce676b59d41a5b17e182af495d1b) Importer(815301076,1909f56bfc062723c751e8b465ee728b)  -> (artifact id: '1b022da8d830e51492c0827c784cef50') in 0,005399 seconds
  Import took 0,011910 seconds .

========================================================================
Received Import Request.
  Time since last request: 2,205247 seconds.
  path: Assets/Scripts/PlayerController.cs
  artifactKey: Guid(4e35ce676b59d41a5b17e182af495d1b) Importer(815301076,1909f56bfc062723c751e8b465ee728b)
Start importing Assets/Scripts/PlayerController.cs using Guid(4e35ce676b59d41a5b17e182af495d1b) Importer(815301076,1909f56bfc062723c751e8b465ee728b)  -> (artifact id: '1b022da8d830e51492c0827c784cef50') in 0,000749 seconds
  Import took 0,007285 seconds .

========================================================================
Received Prepare
Registering precompiled user dll's ...
Registered in 0,002993 seconds.
Begin MonoManager ReloadAssembly
Native extension for LinuxStandalone target not found
Native extension for WindowsStandalone target not found
Native extension for OSXStandalone target not found
Native extension for WebGL target not found
Refreshing native plugins compatible for Editor in 1,09 ms, found 0 plugins.
Preloading 0 native plugins for Editor in 0,00 ms.
Invoked RoslynAnalysisRunner static constructor.
RoslynAnalysisRunner will not be running.
RoslynAnalysisRunner has terminated.
Mono: successfully reloaded assembly
- Completed reload, in  1,228 seconds
Platform modules already initialized, skipping
Shader 'Universal Render Pipeline/Particles/Lit': fallback shader 'Universal Render Pipeline/Particles/SimpleLit' not found
Shader 'Universal Render Pipeline/Particles/Lit': fallback shader 'Universal Render Pipeline/Particles/SimpleLit' not found
Refreshing native plugins compatible for Editor in 0,46 ms, found 0 plugins.
Preloading 0 native plugins for Editor in 0,00 ms.
Unloading 2641 Unused Serialized files (Serialized files now loaded: 0)
System memory in use before: 116,6 MB.
System memory in use after: 115,1 MB.

Unloading 40 unused Assets to reduce memory usage. Loaded Objects now: 3262.
Total: 8,584066 ms (FindLiveObjects: 0,518478 ms CreateObjectMapping: 0,356415 ms MarkObjects: 5,461552 ms  DeleteObjects: 2,245358 ms)

========================================================================
Received Import Request.
  Time since last request: 49,565836 seconds.
  path: Assets/Scripts/PlayerController.cs
  artifactKey: Guid(4e35ce676b59d41a5b17e182af495d1b) Importer(815301076,1909f56bfc062723c751e8b465ee728b)
Start importing Assets/Scripts/PlayerController.cs using Guid(4e35ce676b59d41a5b17e182af495d1b) Importer(815301076,1909f56bfc062723c751e8b465ee728b)  -> (artifact id: '20f461440c5697ad98d0a940dd0cfd95') in 0,005635 seconds
  Import took 0,011964 seconds .

========================================================================
Received Import Request.
  Time since last request: 27,547422 seconds.
  path: Assets/Scripts/PickUpSound.cs
  artifactKey: Guid(70304827201c0a8e587c22de8173d597) Importer(815301076,1909f56bfc062723c751e8b465ee728b)
Start importing Assets/Scripts/PickUpSound.cs using Guid(70304827201c0a8e587c22de8173d597) Importer(815301076,1909f56bfc062723c751e8b465ee728b)  -> (artifact id: '5c8e2db772d6036f22c389b2f1d94153') in 0,001976 seconds
  Import took 0,021695 seconds .

========================================================================
Received Import Request.
  Time since last request: 0,013234 seconds.
  path: Assets/Scripts/PickUpSound.cs
  artifactKey: Guid(70304827201c0a8e587c22de8173d597) Importer(815301076,1909f56bfc062723c751e8b465ee728b)
Start importing Assets/Scripts/PickUpSound.cs using Guid(70304827201c0a8e587c22de8173d597) Importer(815301076,1909f56bfc062723c751e8b465ee728b)  -> (artifact id: '5c8e2db772d6036f22c389b2f1d94153') in 0,001504 seconds
  Import took 0,021146 seconds .

========================================================================
Received Import Request.
  Time since last request: 336,752212 seconds.
  path: Assets/Scripts/PickUpSound.cs
  artifactKey: Guid(70304827201c0a8e587c22de8173d597) Importer(815301076,1909f56bfc062723c751e8b465ee728b)
Start importing Assets/Scripts/PickUpSound.cs using Guid(70304827201c0a8e587c22de8173d597) Importer(815301076,1909f56bfc062723c751e8b465ee728b)  -> (artifact id: 'f661adf6240e88842339b6475cff90b1') in 0,000941 seconds
  Import took 0,009438 seconds .

========================================================================
Received Import Request.
  Time since last request: 11,721760 seconds.
  path: Assets/Scripts/PickUpSound.cs
  artifactKey: Guid(70304827201c0a8e587c22de8173d597) Importer(815301076,1909f56bfc062723c751e8b465ee728b)
Start importing Assets/Scripts/PickUpSound.cs using Guid(70304827201c0a8e587c22de8173d597) Importer(815301076,1909f56bfc062723c751e8b465ee728b)  -> (artifact id: '8bdb0fffef603a096154dff6eeb54bc3') in 0,001897 seconds
  Import took 0,011616 seconds .

========================================================================
Received Import Request.
  Time since last request: 68,217027 seconds.
  path: Assets/Scripts/PickUpSound.cs
  artifactKey: Guid(70304827201c0a8e587c22de8173d597) Importer(815301076,1909f56bfc062723c751e8b465ee728b)
Start importing Assets/Scripts/PickUpSound.cs using Guid(70304827201c0a8e587c22de8173d597) Importer(815301076,1909f56bfc062723c751e8b465ee728b)  -> (artifact id: '94980d123bf021515af22626b896925a') in 0,002754 seconds
  Import took 0,017230 seconds .

========================================================================
Received Prepare
Registering precompiled user dll's ...
Registered in 0,001330 seconds.
Begin MonoManager ReloadAssembly
Native extension for LinuxStandalone target not found
Native extension for WindowsStandalone target not found
Native extension for OSXStandalone target not found
Native extension for WebGL target not found
Refreshing native plugins compatible for Editor in 0,80 ms, found 0 plugins.
Preloading 0 native plugins for Editor in 0,00 ms.
Invoked RoslynAnalysisRunner static constructor.
RoslynAnalysisRunner will not be running.
RoslynAnalysisRunner has terminated.
Mono: successfully reloaded assembly
- Completed reload, in  1,043 seconds
Platform modules already initialized, skipping
Shader 'Universal Render Pipeline/Particles/Lit': fallback shader 'Universal Render Pipeline/Particles/SimpleLit' not found
Shader 'Universal Render Pipeline/Particles/Lit': fallback shader 'Universal Render Pipeline/Particles/SimpleLit' not found
Refreshing native plugins compatible for Editor in 0,51 ms, found 0 plugins.
Preloading 0 native plugins for Editor in 0,00 ms.
Unloading 2640 Unused Serialized files (Serialized files now loaded: 0)
System memory in use before: 116,6 MB.
System memory in use after: 115,1 MB.

Unloading 41 unused Assets to reduce memory usage. Loaded Objects now: 3263.
Total: 7,063950 ms (FindLiveObjects: 0,596882 ms CreateObjectMapping: 0,381999 ms MarkObjects: 4,227034 ms  DeleteObjects: 1,854826 ms)

========================================================================
Received Import Request.
  Time since last request: 172,797215 seconds.
  path: Assets/Scripts/PlayerController.cs
  artifactKey: Guid(4e35ce676b59d41a5b17e182af495d1b) Importer(815301076,1909f56bfc062723c751e8b465ee728b)
Start importing Assets/Scripts/PlayerController.cs using Guid(4e35ce676b59d41a5b17e182af495d1b) Importer(815301076,1909f56bfc062723c751e8b465ee728b)  -> (artifact id: 'fb9f3768940bbf13c59c347f4f4a0d09') in 0,004722 seconds
  Import took 0,010431 seconds .

========================================================================
Received Import Request.
  Time since last request: 2,156875 seconds.
  path: Assets/Scripts/PlayerController.cs
  artifactKey: Guid(4e35ce676b59d41a5b17e182af495d1b) Importer(815301076,1909f56bfc062723c751e8b465ee728b)
Start importing Assets/Scripts/PlayerController.cs using Guid(4e35ce676b59d41a5b17e182af495d1b) Importer(815301076,1909f56bfc062723c751e8b465ee728b)  -> (artifact id: 'fb9f3768940bbf13c59c347f4f4a0d09') in 0,000717 seconds
  Import took 0,006298 seconds .

========================================================================
Received Prepare
Registering precompiled user dll's ...
Registered in 0,001001 seconds.
Begin MonoManager ReloadAssembly
Native extension for LinuxStandalone target not found
Native extension for WindowsStandalone target not found
Native extension for OSXStandalone target not found
Native extension for WebGL target not found
Refreshing native plugins compatible for Editor in 0,48 ms, found 0 plugins.
Preloading 0 native plugins for Editor in 0,00 ms.
Invoked RoslynAnalysisRunner static constructor.
RoslynAnalysisRunner will not be running.
RoslynAnalysisRunner has terminated.
Mono: successfully reloaded assembly
- Completed reload, in  1,154 seconds
Platform modules already initialized, skipping
Shader 'Universal Render Pipeline/Particles/Lit': fallback shader 'Universal Render Pipeline/Particles/SimpleLit' not found
Shader 'Universal Render Pipeline/Particles/Lit': fallback shader 'Universal Render Pipeline/Particles/SimpleLit' not found
Refreshing native plugins compatible for Editor in 0,48 ms, found 0 plugins.
Preloading 0 native plugins for Editor in 0,00 ms.
Unloading 2640 Unused Serialized files (Serialized files now loaded: 0)
System memory in use before: 116,5 MB.
System memory in use after: 115,0 MB.

Unloading 40 unused Assets to reduce memory usage. Loaded Objects now: 3265.
Total: 7,930573 ms (FindLiveObjects: 0,369743 ms CreateObjectMapping: 0,170891 ms MarkObjects: 4,965071 ms  DeleteObjects: 2,422204 ms)

========================================================================
Received Prepare
Registering precompiled user dll's ...
Registered in 0,001396 seconds.
Begin MonoManager ReloadAssembly
Native extension for LinuxStandalone target not found
Native extension for WindowsStandalone target not found
Native extension for OSXStandalone target not found
Native extension for WebGL target not found
Refreshing native plugins compatible for Editor in 0,75 ms, found 0 plugins.
Preloading 0 native plugins for Editor in 0,00 ms.
Invoked RoslynAnalysisRunner static constructor.
RoslynAnalysisRunner will not be running.
RoslynAnalysisRunner has terminated.
Mono: successfully reloaded assembly
- Completed reload, in  1,035 seconds
Platform modules already initialized, skipping
Shader 'Universal Render Pipeline/Particles/Lit': fallback shader 'Universal Render Pipeline/Particles/SimpleLit' not found
Shader 'Universal Render Pipeline/Particles/Lit': fallback shader 'Universal Render Pipeline/Particles/SimpleLit' not found
Refreshing native plugins compatible for Editor in 0,48 ms, found 0 plugins.
Preloading 0 native plugins for Editor in 0,00 ms.
Unloading 2640 Unused Serialized files (Serialized files now loaded: 0)
System memory in use before: 116,6 MB.
System memory in use after: 115,1 MB.

Unloading 40 unused Assets to reduce memory usage. Loaded Objects now: 3267.
Total: 6,930951 ms (FindLiveObjects: 0,409655 ms CreateObjectMapping: 0,273062 ms MarkObjects: 4,142264 ms  DeleteObjects: 2,104879 ms)

========================================================================
Received Prepare
Registering precompiled user dll's ...
Registered in 0,001164 seconds.
Begin MonoManager ReloadAssembly
Native extension for LinuxStandalone target not found
Native extension for WindowsStandalone target not found
Native extension for OSXStandalone target not found
Native extension for WebGL target not found
Refreshing native plugins compatible for Editor in 0,47 ms, found 0 plugins.
Preloading 0 native plugins for Editor in 0,00 ms.
Invoked RoslynAnalysisRunner static constructor.
RoslynAnalysisRunner will not be running.
RoslynAnalysisRunner has terminated.
Mono: successfully reloaded assembly
- Completed reload, in  1,154 seconds
Platform modules already initialized, skipping
Shader 'Universal Render Pipeline/Particles/Lit': fallback shader 'Universal Render Pipeline/Particles/SimpleLit' not found
Shader 'Universal Render Pipeline/Particles/Lit': fallback shader 'Universal Render Pipeline/Particles/SimpleLit' not found
Refreshing native plugins compatible for Editor in 0,48 ms, found 0 plugins.
Preloading 0 native plugins for Editor in 0,00 ms.
Unloading 2640 Unused Serialized files (Serialized files now loaded: 0)
System memory in use before: 116,6 MB.
System memory in use after: 115,1 MB.

Unloading 40 unused Assets to reduce memory usage. Loaded Objects now: 3269.
Total: 9,008184 ms (FindLiveObjects: 0,441969 ms CreateObjectMapping: 0,228975 ms MarkObjects: 6,047715 ms  DeleteObjects: 2,286770 ms)

========================================================================
Received Prepare
Shader 'Universal Render Pipeline/Particles/Lit': fallback shader 'Universal Render Pipeline/Particles/SimpleLit' not found
Shader 'Universal Render Pipeline/Particles/Lit': fallback shader 'Universal Render Pipeline/Particles/SimpleLit' not found
Refreshing native plugins compatible for Editor in 2,18 ms, found 0 plugins.
Preloading 0 native plugins for Editor in 0,00 ms.
Unloading 38 Unused Serialized files (Serialized files now loaded: 0)
System memory in use before: 65,0 MB.
System memory in use after: 63,5 MB.

Unloading 38 unused Assets to reduce memory usage. Loaded Objects now: 3269.
Total: 7,326145 ms (FindLiveObjects: 0,433563 ms CreateObjectMapping: 0,177196 ms MarkObjects: 4,251389 ms  DeleteObjects: 2,462720 ms)

========================================================================
Received Prepare
Shader 'Universal Render Pipeline/Particles/Lit': fallback shader 'Universal Render Pipeline/Particles/SimpleLit' not found
Shader 'Universal Render Pipeline/Particles/Lit': fallback shader 'Universal Render Pipeline/Particles/SimpleLit' not found
Refreshing native plugins compatible for Editor in 1,78 ms, found 0 plugins.
Preloading 0 native plugins for Editor in 0,00 ms.
Unloading 38 Unused Serialized files (Serialized files now loaded: 0)
System memory in use before: 65,0 MB.
System memory in use after: 63,5 MB.

Unloading 38 unused Assets to reduce memory usage. Loaded Objects now: 3269.
Total: 29,273758 ms (FindLiveObjects: 3,242332 ms CreateObjectMapping: 1,085082 ms MarkObjects: 14,931957 ms  DeleteObjects: 10,002782 ms)

========================================================================
Received Prepare
Registering precompiled user dll's ...
Registered in 0,001005 seconds.
Begin MonoManager ReloadAssembly
Native extension for LinuxStandalone target not found
Native extension for WindowsStandalone target not found
Native extension for OSXStandalone target not found
Native extension for WebGL target not found
Refreshing native plugins compatible for Editor in 0,51 ms, found 0 plugins.
Preloading 0 native plugins for Editor in 0,00 ms.
Invoked RoslynAnalysisRunner static constructor.
RoslynAnalysisRunner will not be running.
RoslynAnalysisRunner has terminated.
Mono: successfully reloaded assembly
- Completed reload, in  1,489 seconds
Platform modules already initialized, skipping
Shader 'Universal Render Pipeline/Particles/Lit': fallback shader 'Universal Render Pipeline/Particles/SimpleLit' not found
Shader 'Universal Render Pipeline/Particles/Lit': fallback shader 'Universal Render Pipeline/Particles/SimpleLit' not found
Refreshing native plugins compatible for Editor in 1,05 ms, found 0 plugins.
Preloading 0 native plugins for Editor in 0,00 ms.
Unloading 2640 Unused Serialized files (Serialized files now loaded: 0)
System memory in use before: 116,6 MB.
System memory in use after: 115,1 MB.

Unloading 40 unused Assets to reduce memory usage. Loaded Objects now: 3271.
Total: 17,840059 ms (FindLiveObjects: 0,547641 ms CreateObjectMapping: 0,145669 ms MarkObjects: 11,489506 ms  DeleteObjects: 5,648778 ms)

========================================================================
Received Prepare
Shader 'Universal Render Pipeline/Particles/Lit': fallback shader 'Universal Render Pipeline/Particles/SimpleLit' not found
Shader 'Universal Render Pipeline/Particles/Lit': fallback shader 'Universal Render Pipeline/Particles/SimpleLit' not found
Refreshing native plugins compatible for Editor in 1,16 ms, found 0 plugins.
Preloading 0 native plugins for Editor in 0,00 ms.
Unloading 38 Unused Serialized files (Serialized files now loaded: 0)
System memory in use before: 65,0 MB.
System memory in use after: 63,5 MB.

Unloading 38 unused Assets to reduce memory usage. Loaded Objects now: 3271.
Total: 12,927833 ms (FindLiveObjects: 0,483116 ms CreateObjectMapping: 0,132504 ms MarkObjects: 6,167718 ms  DeleteObjects: 6,138846 ms)

========================================================================
Received Prepare
Shader 'Universal Render Pipeline/Particles/Lit': fallback shader 'Universal Render Pipeline/Particles/SimpleLit' not found
Shader 'Universal Render Pipeline/Particles/Lit': fallback shader 'Universal Render Pipeline/Particles/SimpleLit' not found
Refreshing native plugins compatible for Editor in 2,68 ms, found 0 plugins.
Preloading 0 native plugins for Editor in 0,00 ms.
Unloading 38 Unused Serialized files (Serialized files now loaded: 0)
System memory in use before: 65,0 MB.
System memory in use after: 63,5 MB.

Unloading 38 unused Assets to reduce memory usage. Loaded Objects now: 3271.
Total: 17,079841 ms (FindLiveObjects: 1,400680 ms CreateObjectMapping: 0,275907 ms MarkObjects: 7,652875 ms  DeleteObjects: 7,742798 ms)

