Using pre-set license
Desktop is 1920 x 1080 @ 60 Hz

 COMMAND LINE ARGUMENTS:
Unity
-adb2
-batchMode
-noUpm
-name
AssetImportWorker0
-projectPath
/home/gerard/Roll-a-ball
-logFile
Logs/AssetImportWorker0.log
-srvPort
34859
Successfully changed project path to: /home/gerard/Roll-a-ball
/home/gerard/Roll-a-ball
Using Asset Import Pipeline V2.
Refreshing native plugins compatible for Editor in 45,51 ms, found 0 plugins.
Preloading 0 native plugins for Editor in 0,00 ms.
Initialize engine version: 2020.2.4f1 (becced5a802b)
[Subsystems] Discovering subsystems at path /home/gerard/Unity/Hub/Editor/2020.2.4f1/Editor/Data/Resources/UnitySubsystems
[Subsystems] Discovering subsystems at path /home/gerard/Roll-a-ball/Assets
GLX Extensions: GLX_ARB_create_context GLX_ARB_create_context_no_error GLX_ARB_create_context_profile GLX_ARB_create_context_robustness GLX_ARB_fbconfig_float GLX_ARB_framebuffer_sRGB GLX_ARB_get_proc_address GLX_ARB_multisample GLX_EXT_buffer_age GLX_EXT_create_context_es2_profile GLX_EXT_create_context_es_profile GLX_EXT_fbconfig_packed_float GLX_EXT_framebuffer_sRGB GLX_EXT_import_context GLX_EXT_no_config_context GLX_EXT_swap_control GLX_EXT_swap_control_tear GLX_EXT_texture_from_pixmap GLX_EXT_visual_info GLX_EXT_visual_rating GLX_INTEL_swap_event GLX_MESA_copy_sub_buffer GLX_MESA_query_renderer GLX_MESA_swap_control GLX_OML_swap_method GLX_OML_sync_control GLX_SGIS_multisample GLX_SGIX_fbconfig GLX_SGIX_pbuffer GLX_SGIX_visual_select_group GLX_SGI_make_current_read GLX_SGI_swap_control GLX_SGI_video_sync 
Renderer: Mesa DRI Intel(R) HD Graphics 4600 (HSW GT2)
Vendor:   Intel Open Source Technology Center
Version:  4.5 (Core Profile) Mesa 21.2.6
GLES:     0
 GL_3DFX_texture_compression_FXT1 GL_AMD_conservative_depth GL_AMD_draw_buffers_blend GL_AMD_multi_draw_indirect GL_AMD_query_buffer_object GL_AMD_seamless_cubemap_per_texture GL_AMD_shader_trinary_minmax GL_AMD_texture_texture4 GL_AMD_vertex_shader_layer GL_AMD_vertex_shader_viewport_index GL_ANGLE_texture_compression_dxt3 GL_ANGLE_texture_compression_dxt5 GL_APPLE_object_purgeable GL_ARB_ES2_compatibility GL_ARB_ES3_1_compatibility GL_ARB_ES3_compatibility GL_ARB_arrays_of_arrays GL_ARB_base_instance GL_ARB_blend_func_extended GL_ARB_buffer_storage GL_ARB_clear_buffer_object GL_ARB_clear_texture GL_ARB_clip_control GL_ARB_compressed_texture_pixel_storage GL_ARB_compute_shader GL_ARB_compute_variable_group_size GL_ARB_conditional_render_inverted GL_ARB_conservative_depth GL_ARB_copy_buffer GL_ARB_copy_image GL_ARB_cull_distance GL_ARB_debug_output GL_ARB_depth_buffer_float GL_ARB_depth_clamp GL_ARB_derivative_control GL_ARB_direct_state_access GL_ARB_draw_buffers GL_ARB_draw_buffers_blend GL_ARB_draw_elemen
ts_base_vertex GL_ARB_draw_indirect GL_ARB_draw_instanced GL_ARB_enhanced_layouts GL_ARB_explicit_attrib_location GL_ARB_explicit_uniform_location GL_ARB_fragment_coord_conventions GL_ARB_fragment_layer_viewport GL_ARB_fragment_shader GL_ARB_framebuffer_no_attachments GL_ARB_framebuffer_object GL_ARB_framebuffer_sRGB GL_ARB_get_program_binary GL_ARB_get_texture_sub_image GL_ARB_gl_spirv GL_ARB_gpu_shader5 GL_ARB_gpu_shader_fp64 GL_ARB_half_float_pixel GL_ARB_half_float_vertex GL_ARB_indirect_parameters GL_ARB_instanced_arrays GL_ARB_internalformat_query GL_ARB_internalformat_query2 GL_ARB_invalidate_subdata GL_ARB_map_buffer_alignment GL_ARB_map_buffer_range GL_ARB_multi_bind GL_ARB_multi_draw_indirect GL_ARB_occlusion_query2 GL_ARB_parallel_shader_compile GL_ARB_pipeline_statistics_query GL_ARB_pixel_buffer_object GL_ARB_point_sprite GL_ARB_polygon_offset_clamp GL_ARB_program_interface_query GL_ARB_provoking_vertex GL_ARB_query_buffer_object GL_ARB_robust_buffer_access_behavior GL_ARB_robustness GL_ARB_samp
le_shading GL_ARB_sampler_objects GL_ARB_seamless_cube_map GL_ARB_seamless_cubemap_per_texture GL_ARB_separate_shader_objects GL_ARB_shader_atomic_counter_ops GL_ARB_shader_atomic_counters GL_ARB_shader_bit_encoding GL_ARB_shader_clock GL_ARB_shader_draw_parameters GL_ARB_shader_group_vote GL_ARB_shader_image_load_store GL_ARB_shader_image_size GL_ARB_shader_objects GL_ARB_shader_precision GL_ARB_shader_storage_buffer_object GL_ARB_shader_subroutine GL_ARB_shader_texture_image_samples GL_ARB_shader_texture_lod GL_ARB_shader_viewport_layer_array GL_ARB_shading_language_420pack GL_ARB_shading_language_include GL_ARB_shading_language_packing GL_ARB_spirv_extensions GL_ARB_stencil_texturing GL_ARB_sync GL_ARB_tessellation_shader GL_ARB_texture_barrier GL_ARB_texture_buffer_object GL_ARB_texture_buffer_object_rgb32 GL_ARB_texture_buffer_range GL_ARB_texture_compression_bptc GL_ARB_texture_compression_rgtc GL_ARB_texture_cube_map_array GL_ARB_texture_filter_anisotropic GL_ARB_texture_float GL_ARB_texture_gather GL
_ARB_texture_mirror_clamp_to_edge GL_ARB_texture_multisample GL_ARB_texture_non_power_of_two GL_ARB_texture_query_levels GL_ARB_texture_query_lod GL_ARB_texture_rectangle GL_ARB_texture_rg GL_ARB_texture_rgb10_a2ui GL_ARB_texture_stencil8 GL_ARB_texture_storage GL_ARB_texture_storage_multisample GL_ARB_texture_swizzle GL_ARB_texture_view GL_ARB_timer_query GL_ARB_transform_feedback2 GL_ARB_transform_feedback3 GL_ARB_transform_feedback_instanced GL_ARB_transform_feedback_overflow_query GL_ARB_uniform_buffer_object GL_ARB_vertex_array_bgra GL_ARB_vertex_array_object GL_ARB_vertex_attrib_64bit GL_ARB_vertex_attrib_binding GL_ARB_vertex_buffer_object GL_ARB_vertex_shader GL_ARB_vertex_type_10f_11f_11f_rev GL_ARB_vertex_type_2_10_10_10_rev GL_ARB_viewport_array GL_ATI_blend_equation_separate GL_ATI_texture_float GL_EXT_EGL_image_storage GL_EXT_EGL_sync GL_EXT_abgr GL_EXT_blend_equation_separate GL_EXT_demote_to_helper_invocation GL_EXT_draw_buffers2 GL_EXT_draw_instanced GL_EXT_framebuffer_blit GL_EXT_framebuffer
_multisample GL_EXT_framebuffer_multisample_blit_scaled GL_EXT_framebuffer_object GL_EXT_framebuffer_sRGB GL_EXT_memory_object GL_EXT_memory_object_fd GL_EXT_packed_depth_stencil GL_EXT_packed_float GL_EXT_pixel_buffer_object GL_EXT_polygon_offset_clamp GL_EXT_provoking_vertex GL_EXT_semaphore GL_EXT_semaphore_fd GL_EXT_shader_framebuffer_fetch_non_coherent GL_EXT_shader_integer_mix GL_EXT_shader_samples_identical GL_EXT_texture_array GL_EXT_texture_compression_dxt1 GL_EXT_texture_compression_rgtc GL_EXT_texture_compression_s3tc GL_EXT_texture_filter_anisotropic GL_EXT_texture_integer GL_EXT_texture_sRGB GL_EXT_texture_sRGB_R8 GL_EXT_texture_sRGB_decode GL_EXT_texture_shadow_lod GL_EXT_texture_shared_exponent GL_EXT_texture_snorm GL_EXT_texture_swizzle GL_EXT_timer_query GL_EXT_transform_feedback GL_EXT_vertex_array_bgra GL_EXT_vertex_attrib_64bit GL_IBM_multimode_draw_arrays GL_INTEL_blackhole_render GL_INTEL_performance_query GL_KHR_blend_equation_advanced GL_KHR_context_flush_control GL_KHR_debug GL_KHR_n
o_error GL_KHR_parallel_shader_compile GL_KHR_robust_buffer_access_behavior GL_KHR_robustness GL_MESA_framebuffer_flip_y GL_MESA_pack_invert GL_MESA_shader_integer_functions GL_MESA_texture_signed_rgba GL_NV_compute_shader_derivatives GL_NV_conditional_render GL_NV_depth_clamp GL_NV_packed_depth_stencil GL_NV_texture_barrier GL_OES_EGL_image GL_S3_s3tc
OPENGL LOG: Creating OpenGL 4.5 graphics device ; Context level  <OpenGL 4.5> ; Context handle 432520752
Initialize mono
Mono path[0] = '/home/gerard/Unity/Hub/Editor/2020.2.4f1/Editor/Data/Managed'
Mono path[1] = '/home/gerard/Unity/Hub/Editor/2020.2.4f1/Editor/Data/MonoBleedingEdge/lib/mono/unityjit'
Mono config path = '/home/gerard/Unity/Hub/Editor/2020.2.4f1/Editor/Data/MonoBleedingEdge/etc'
Using monoOptions --debugger-agent=transport=dt_socket,embedding=1,server=y,suspend=n,address=127.0.0.1:56033
Begin MonoManager ReloadAssembly
Registering precompiled unity dll's ...
Register platform support module: /home/gerard/Unity/Hub/Editor/2020.2.4f1/Editor/Data/PlaybackEngines/WebGLSupport/UnityEditor.WebGL.Extensions.dll
Register platform support module: /home/gerard/Unity/Hub/Editor/2020.2.4f1/Editor/Data/PlaybackEngines/MacStandaloneSupport/UnityEditor.OSXStandalone.Extensions.dll
Register platform support module: /home/gerard/Unity/Hub/Editor/2020.2.4f1/Editor/Data/PlaybackEngines/WindowsStandaloneSupport/UnityEditor.WindowsStandalone.Extensions.dll
Register platform support module: /home/gerard/Unity/Hub/Editor/2020.2.4f1/Editor/Data/PlaybackEngines/LinuxStandaloneSupport/UnityEditor.LinuxStandalone.Extensions.dll
Registered in 0,001986 seconds.
Native extension for LinuxStandalone target not found
Native extension for WindowsStandalone target not found
Native extension for OSXStandalone target not found
Native extension for WebGL target not found
Refreshing native plugins compatible for Editor in 53,74 ms, found 0 plugins.
Preloading 0 native plugins for Editor in 0,00 ms.
Invoked RoslynAnalysisRunner static constructor.
RoslynAnalysisRunner will not be running.
RoslynAnalysisRunner has terminated.
Mono: successfully reloaded assembly
- Completed reload, in  2,078 seconds
Platform modules already initialized, skipping
Registering precompiled user dll's ...
Registered in 0,001368 seconds.
Begin MonoManager ReloadAssembly
Native extension for LinuxStandalone target not found
Native extension for WindowsStandalone target not found
Native extension for OSXStandalone target not found
Native extension for WebGL target not found
Refreshing native plugins compatible for Editor in 116,13 ms, found 0 plugins.
Preloading 0 native plugins for Editor in 0,00 ms.
Invoked RoslynAnalysisRunner static constructor.
RoslynAnalysisRunner will not be running.
RoslynAnalysisRunner has terminated.
Mono: successfully reloaded assembly
- Completed reload, in  2,053 seconds
Platform modules already initialized, skipping
========================================================================
Worker process is ready to serve import requests
Shader 'Universal Render Pipeline/Particles/Lit': fallback shader 'Universal Render Pipeline/Particles/SimpleLit' not found
Shader 'Universal Render Pipeline/Particles/Lit': fallback shader 'Universal Render Pipeline/Particles/SimpleLit' not found
Launched and connected shader compiler UnityShaderCompiler after 0.03 seconds
Refreshing native plugins compatible for Editor in 1,74 ms, found 0 plugins.
Preloading 0 native plugins for Editor in 0,00 ms.
Unloading 2714 Unused Serialized files (Serialized files now loaded: 0)
System memory in use before: 114,9 MB.
System memory in use after: 113,3 MB.

Unloading 47 unused Assets to reduce memory usage. Loaded Objects now: 3123.
Total: 13,991958 ms (FindLiveObjects: 3,116202 ms CreateObjectMapping: 1,399902 ms MarkObjects: 4,807163 ms  DeleteObjects: 4,661962 ms)

========================================================================
Received Import Request.
  path: Assets/Materials/Walls.mat
  artifactKey: Guid(5d65b553d10341e679922fd6afdbccb5) Importer(815301076,1909f56bfc062723c751e8b465ee728b)
Start importing Assets/Materials/Walls.mat using Guid(5d65b553d10341e679922fd6afdbccb5) Importer(815301076,1909f56bfc062723c751e8b465ee728b)  -> (artifact id: 'db542ea3006f946c2a91c7b3c3f75469') in 0,495177 seconds
  Import took 0,514948 seconds .

========================================================================
Received Prepare
Registering precompiled user dll's ...
Registered in 0,000985 seconds.
Begin MonoManager ReloadAssembly
Native extension for LinuxStandalone target not found
Native extension for WindowsStandalone target not found
Native extension for OSXStandalone target not found
Native extension for WebGL target not found
Refreshing native plugins compatible for Editor in 0,51 ms, found 0 plugins.
Preloading 0 native plugins for Editor in 0,00 ms.
Invoked RoslynAnalysisRunner static constructor.
RoslynAnalysisRunner will not be running.
RoslynAnalysisRunner has terminated.
Mono: successfully reloaded assembly
- Completed reload, in  1,000 seconds
Platform modules already initialized, skipping
Shader 'Universal Render Pipeline/Particles/Lit': fallback shader 'Universal Render Pipeline/Particles/SimpleLit' not found
Shader 'Universal Render Pipeline/Particles/Lit': fallback shader 'Universal Render Pipeline/Particles/SimpleLit' not found
Refreshing native plugins compatible for Editor in 0,51 ms, found 0 plugins.
Preloading 0 native plugins for Editor in 0,00 ms.
Unloading 2639 Unused Serialized files (Serialized files now loaded: 0)
System memory in use before: 115,6 MB.
System memory in use after: 114,0 MB.

Unloading 40 unused Assets to reduce memory usage. Loaded Objects now: 3203.
Total: 9,729682 ms (FindLiveObjects: 0,601701 ms CreateObjectMapping: 0,287982 ms MarkObjects: 6,678426 ms  DeleteObjects: 2,159333 ms)

========================================================================
Received Import Request.
  Time since last request: 714,008783 seconds.
  path: Assets/Scripts/PlayerController.cs
  artifactKey: Guid(4e35ce676b59d41a5b17e182af495d1b) Importer(815301076,1909f56bfc062723c751e8b465ee728b)
Start importing Assets/Scripts/PlayerController.cs using Guid(4e35ce676b59d41a5b17e182af495d1b) Importer(815301076,1909f56bfc062723c751e8b465ee728b)  -> (artifact id: '58c34971d91f957932619431ca051532') in 0,005774 seconds
  Import took 0,012565 seconds .

========================================================================
Received Prepare
Registering precompiled user dll's ...
Registered in 0,001023 seconds.
Begin MonoManager ReloadAssembly
Native extension for LinuxStandalone target not found
Native extension for WindowsStandalone target not found
Native extension for OSXStandalone target not found
Native extension for WebGL target not found
Refreshing native plugins compatible for Editor in 0,64 ms, found 0 plugins.
Preloading 0 native plugins for Editor in 0,00 ms.
Invoked RoslynAnalysisRunner static constructor.
RoslynAnalysisRunner will not be running.
RoslynAnalysisRunner has terminated.
Mono: successfully reloaded assembly
- Completed reload, in  1,233 seconds
Platform modules already initialized, skipping
Shader 'Universal Render Pipeline/Particles/Lit': fallback shader 'Universal Render Pipeline/Particles/SimpleLit' not found
Shader 'Universal Render Pipeline/Particles/Lit': fallback shader 'Universal Render Pipeline/Particles/SimpleLit' not found
Refreshing native plugins compatible for Editor in 1,34 ms, found 0 plugins.
Preloading 0 native plugins for Editor in 0,00 ms.
Unloading 2639 Unused Serialized files (Serialized files now loaded: 0)
System memory in use before: 115,7 MB.
System memory in use after: 114,1 MB.

Unloading 40 unused Assets to reduce memory usage. Loaded Objects now: 3205.
Total: 7,525581 ms (FindLiveObjects: 0,404528 ms CreateObjectMapping: 0,267825 ms MarkObjects: 3,668520 ms  DeleteObjects: 3,182780 ms)

========================================================================
Received Import Request.
  Time since last request: 289,300707 seconds.
  path: Assets/Materials/Walls.mat
  artifactKey: Guid(5d65b553d10341e679922fd6afdbccb5) Importer(815301076,1909f56bfc062723c751e8b465ee728b)
Start importing Assets/Materials/Walls.mat using Guid(5d65b553d10341e679922fd6afdbccb5) Importer(815301076,1909f56bfc062723c751e8b465ee728b)  -> (artifact id: 'f4a59a8c576cc4108b8c40396b253b35') in 0,184520 seconds
  Import took 0,191661 seconds .

========================================================================
Received Prepare
Registering precompiled user dll's ...
Registered in 0,004107 seconds.
Begin MonoManager ReloadAssembly
Native extension for LinuxStandalone target not found
Native extension for WindowsStandalone target not found
Native extension for OSXStandalone target not found
Native extension for WebGL target not found
Refreshing native plugins compatible for Editor in 0,50 ms, found 0 plugins.
Preloading 0 native plugins for Editor in 0,00 ms.
Invoked RoslynAnalysisRunner static constructor.
RoslynAnalysisRunner will not be running.
RoslynAnalysisRunner has terminated.
Mono: successfully reloaded assembly
- Completed reload, in  0,963 seconds
Platform modules already initialized, skipping
Shader 'Universal Render Pipeline/Particles/Lit': fallback shader 'Universal Render Pipeline/Particles/SimpleLit' not found
Shader 'Universal Render Pipeline/Particles/Lit': fallback shader 'Universal Render Pipeline/Particles/SimpleLit' not found
Refreshing native plugins compatible for Editor in 0,49 ms, found 0 plugins.
Preloading 0 native plugins for Editor in 0,00 ms.
Unloading 2640 Unused Serialized files (Serialized files now loaded: 0)
System memory in use before: 115,9 MB.
System memory in use after: 114,3 MB.

Unloading 40 unused Assets to reduce memory usage. Loaded Objects now: 3244.
Total: 7,820996 ms (FindLiveObjects: 0,445579 ms CreateObjectMapping: 0,291954 ms MarkObjects: 4,626152 ms  DeleteObjects: 2,455797 ms)

========================================================================
Received Import Request.
  Time since last request: 138,336289 seconds.
  path: Assets/Scripts/Rotator.cs
  artifactKey: Guid(30e4da941e56522d6935bdc6e0803df9) Importer(815301076,1909f56bfc062723c751e8b465ee728b)
Start importing Assets/Scripts/Rotator.cs using Guid(30e4da941e56522d6935bdc6e0803df9) Importer(815301076,1909f56bfc062723c751e8b465ee728b)  -> (artifact id: 'd7749f8b29e92041653956ce9df3fae1') in 0,010429 seconds
  Import took 0,017718 seconds .

========================================================================
Received Import Request.
  Time since last request: 0,019062 seconds.
  path: Assets/Scripts/Rotator.cs
  artifactKey: Guid(30e4da941e56522d6935bdc6e0803df9) Importer(815301076,1909f56bfc062723c751e8b465ee728b)
Start importing Assets/Scripts/Rotator.cs using Guid(30e4da941e56522d6935bdc6e0803df9) Importer(815301076,1909f56bfc062723c751e8b465ee728b)  -> (artifact id: 'd7749f8b29e92041653956ce9df3fae1') in 0,001941 seconds
  Import took 0,011472 seconds .

========================================================================
Received Prepare
Registering precompiled user dll's ...
Registered in 0,001662 seconds.
Begin MonoManager ReloadAssembly
Native extension for LinuxStandalone target not found
Native extension for WindowsStandalone target not found
Native extension for OSXStandalone target not found
Native extension for WebGL target not found
Refreshing native plugins compatible for Editor in 0,55 ms, found 0 plugins.
Preloading 0 native plugins for Editor in 0,00 ms.
Invoked RoslynAnalysisRunner static constructor.
RoslynAnalysisRunner will not be running.
RoslynAnalysisRunner has terminated.
Mono: successfully reloaded assembly
- Completed reload, in  1,103 seconds
Platform modules already initialized, skipping
Shader 'Universal Render Pipeline/Particles/Lit': fallback shader 'Universal Render Pipeline/Particles/SimpleLit' not found
Shader 'Universal Render Pipeline/Particles/Lit': fallback shader 'Universal Render Pipeline/Particles/SimpleLit' not found
Refreshing native plugins compatible for Editor in 0,48 ms, found 0 plugins.
Preloading 0 native plugins for Editor in 0,00 ms.
Unloading 2640 Unused Serialized files (Serialized files now loaded: 0)
System memory in use before: 115,9 MB.
System memory in use after: 114,3 MB.

Unloading 40 unused Assets to reduce memory usage. Loaded Objects now: 3246.
Total: 11,134789 ms (FindLiveObjects: 0,491255 ms CreateObjectMapping: 0,318411 ms MarkObjects: 5,700366 ms  DeleteObjects: 4,622895 ms)

========================================================================
Received Import Request.
  Time since last request: 20,127821 seconds.
  path: Assets/Scripts/Rotator.cs
  artifactKey: Guid(30e4da941e56522d6935bdc6e0803df9) Importer(815301076,1909f56bfc062723c751e8b465ee728b)
Start importing Assets/Scripts/Rotator.cs using Guid(30e4da941e56522d6935bdc6e0803df9) Importer(815301076,1909f56bfc062723c751e8b465ee728b)  -> (artifact id: '61169f059032e3a799c005bfd5365a03') in 0,012494 seconds
  Import took 0,024763 seconds .

========================================================================
Received Prepare
Registering precompiled user dll's ...
Registered in 0,001165 seconds.
Begin MonoManager ReloadAssembly
Native extension for LinuxStandalone target not found
Native extension for WindowsStandalone target not found
Native extension for OSXStandalone target not found
Native extension for WebGL target not found
Refreshing native plugins compatible for Editor in 0,98 ms, found 0 plugins.
Preloading 0 native plugins for Editor in 0,00 ms.
Invoked RoslynAnalysisRunner static constructor.
RoslynAnalysisRunner will not be running.
RoslynAnalysisRunner has terminated.
Mono: successfully reloaded assembly
- Completed reload, in  1,386 seconds
Platform modules already initialized, skipping
Shader 'Universal Render Pipeline/Particles/Lit': fallback shader 'Universal Render Pipeline/Particles/SimpleLit' not found
Shader 'Universal Render Pipeline/Particles/Lit': fallback shader 'Universal Render Pipeline/Particles/SimpleLit' not found
Refreshing native plugins compatible for Editor in 0,50 ms, found 0 plugins.
Preloading 0 native plugins for Editor in 0,00 ms.
Unloading 2640 Unused Serialized files (Serialized files now loaded: 0)
System memory in use before: 115,9 MB.
System memory in use after: 114,3 MB.

Unloading 40 unused Assets to reduce memory usage. Loaded Objects now: 3248.
Total: 11,600283 ms (FindLiveObjects: 2,172770 ms CreateObjectMapping: 0,934839 ms MarkObjects: 6,681008 ms  DeleteObjects: 1,805655 ms)

========================================================================
Received Import Request.
  Time since last request: 153,314374 seconds.
  path: Assets/Prefabs
  artifactKey: Guid(65d3fd7e086edf46f82be1f61b0b6414) Importer(815301076,1909f56bfc062723c751e8b465ee728b)
Start importing Assets/Prefabs using Guid(65d3fd7e086edf46f82be1f61b0b6414) Importer(815301076,1909f56bfc062723c751e8b465ee728b)  -> (artifact id: 'aae2295071752a6472288702da6868c6') in 0,011627 seconds
  Import took 0,021567 seconds .

========================================================================
Received Import Request.
  Time since last request: 0,013809 seconds.
  path: Assets/Prefabs
  artifactKey: Guid(65d3fd7e086edf46f82be1f61b0b6414) Importer(815301076,1909f56bfc062723c751e8b465ee728b)
Start importing Assets/Prefabs using Guid(65d3fd7e086edf46f82be1f61b0b6414) Importer(815301076,1909f56bfc062723c751e8b465ee728b)  -> (artifact id: 'aae2295071752a6472288702da6868c6') in 0,001034 seconds
  Import took 0,012061 seconds .

========================================================================
Received Import Request.
  Time since last request: 9,426710 seconds.
  path: Assets/Prefabs/PickUp.prefab
  artifactKey: Guid(5a2f5283eeca88591af79dd4be252c5c) Importer(815301076,1909f56bfc062723c751e8b465ee728b)
Start importing Assets/Prefabs/PickUp.prefab using Guid(5a2f5283eeca88591af79dd4be252c5c) Importer(815301076,1909f56bfc062723c751e8b465ee728b)  -> (artifact id: 'c882213c1be5468ebfc58fa056ec0f18') in 0,199867 seconds
  Import took 0,207329 seconds .

========================================================================
Received Import Request.
  Time since last request: 0,001690 seconds.
  path: Assets/Prefabs/PickUp.prefab
  artifactKey: Guid(5a2f5283eeca88591af79dd4be252c5c) Importer(815301076,1909f56bfc062723c751e8b465ee728b)
Start importing Assets/Prefabs/PickUp.prefab using Guid(5a2f5283eeca88591af79dd4be252c5c) Importer(815301076,1909f56bfc062723c751e8b465ee728b)  -> (artifact id: 'c882213c1be5468ebfc58fa056ec0f18') in 0,010259 seconds
  Import took 0,023863 seconds .

========================================================================
Received Import Request.
  Time since last request: 960,634760 seconds.
  path: Assets/Prefabs/PickUp.prefab
  artifactKey: Guid(5a2f5283eeca88591af79dd4be252c5c) Importer(815301076,1909f56bfc062723c751e8b465ee728b)
Start importing Assets/Prefabs/PickUp.prefab using Guid(5a2f5283eeca88591af79dd4be252c5c) Importer(815301076,1909f56bfc062723c751e8b465ee728b)  -> (artifact id: '00d19271bc3c876afd7586221ea9d11c') in 0,027073 seconds
  Import took 0,034016 seconds .

========================================================================
Received Import Request.
  Time since last request: 1280,171079 seconds.
  path: ProjectSettings/TagManager.asset
  artifactKey: Guid(00000000000000003000000000000000) Importer(815301076,1909f56bfc062723c751e8b465ee728b)
Start importing ProjectSettings/TagManager.asset using Guid(00000000000000003000000000000000) Importer(815301076,1909f56bfc062723c751e8b465ee728b)  -> (artifact id: '470e31d8d99a9e69b1c7af0e5dce13f0') in 0,001787 seconds
  Import took 0,009459 seconds .

========================================================================
Received Import Request.
  Time since last request: 0,003437 seconds.
  path: ProjectSettings/TagManager.asset
  artifactKey: Guid(00000000000000003000000000000000) Importer(815301076,1909f56bfc062723c751e8b465ee728b)
Start importing ProjectSettings/TagManager.asset using Guid(00000000000000003000000000000000) Importer(815301076,1909f56bfc062723c751e8b465ee728b)  -> (artifact id: '470e31d8d99a9e69b1c7af0e5dce13f0') in 0,001173 seconds
  Import took 0,009018 seconds .

========================================================================
Received Import Request.
  Time since last request: 31,190309 seconds.
  path: Assets/Prefabs/PickUp.prefab
  artifactKey: Guid(5a2f5283eeca88591af79dd4be252c5c) Importer(815301076,1909f56bfc062723c751e8b465ee728b)
Start importing Assets/Prefabs/PickUp.prefab using Guid(5a2f5283eeca88591af79dd4be252c5c) Importer(815301076,1909f56bfc062723c751e8b465ee728b)  -> (artifact id: '7b861807db5324fe22fb63c652e6e2dd') in 0,015502 seconds
  Import took 0,022855 seconds .

========================================================================
Received Import Request.
  Time since last request: 151,104599 seconds.
  path: Assets/Prefabs/PickUp.prefab
  artifactKey: Guid(5a2f5283eeca88591af79dd4be252c5c) Importer(815301076,1909f56bfc062723c751e8b465ee728b)
Start importing Assets/Prefabs/PickUp.prefab using Guid(5a2f5283eeca88591af79dd4be252c5c) Importer(815301076,1909f56bfc062723c751e8b465ee728b)  -> (artifact id: '18abeb1bfbc61b98d172ee23b620f8f9') in 0,017145 seconds
  Import took 0,024942 seconds .

========================================================================
Received Prepare
Registering precompiled user dll's ...
Registered in 0,001276 seconds.
Begin MonoManager ReloadAssembly
Native extension for LinuxStandalone target not found
Native extension for WindowsStandalone target not found
Native extension for OSXStandalone target not found
Native extension for WebGL target not found
Refreshing native plugins compatible for Editor in 0,81 ms, found 0 plugins.
Preloading 0 native plugins for Editor in 0,00 ms.
Invoked RoslynAnalysisRunner static constructor.
RoslynAnalysisRunner will not be running.
RoslynAnalysisRunner has terminated.
Mono: successfully reloaded assembly
- Completed reload, in  1,632 seconds
Platform modules already initialized, skipping
Shader 'Universal Render Pipeline/Particles/Lit': fallback shader 'Universal Render Pipeline/Particles/SimpleLit' not found
Shader 'Universal Render Pipeline/Particles/Lit': fallback shader 'Universal Render Pipeline/Particles/SimpleLit' not found
Refreshing native plugins compatible for Editor in 0,57 ms, found 0 plugins.
Preloading 0 native plugins for Editor in 0,00 ms.
Unloading 2640 Unused Serialized files (Serialized files now loaded: 0)
System memory in use before: 116,0 MB.
System memory in use after: 114,5 MB.

Unloading 42 unused Assets to reduce memory usage. Loaded Objects now: 3287.
Total: 9,424856 ms (FindLiveObjects: 0,758540 ms CreateObjectMapping: 0,253446 ms MarkObjects: 5,894494 ms  DeleteObjects: 2,512751 ms)

========================================================================
Received Import Request.
  Time since last request: 155,194892 seconds.
  path: Assets/Prefabs/PickUp.prefab
  artifactKey: Guid(5a2f5283eeca88591af79dd4be252c5c) Importer(815301076,1909f56bfc062723c751e8b465ee728b)
Start importing Assets/Prefabs/PickUp.prefab using Guid(5a2f5283eeca88591af79dd4be252c5c) Importer(815301076,1909f56bfc062723c751e8b465ee728b)  -> (artifact id: 'f4dfdd84a05fcd6c0e0a8b32b2a13663') in 0,173882 seconds
  Import took 0,180596 seconds .

========================================================================
Received Import Request.
  Time since last request: 3,280813 seconds.
  path: Assets/Prefabs/PickUp.prefab
  artifactKey: Guid(5a2f5283eeca88591af79dd4be252c5c) Importer(815301076,1909f56bfc062723c751e8b465ee728b)
Start importing Assets/Prefabs/PickUp.prefab using Guid(5a2f5283eeca88591af79dd4be252c5c) Importer(815301076,1909f56bfc062723c751e8b465ee728b)  -> (artifact id: 'e9ed98a1fde37615b50f161a78ba0330') in 0,014926 seconds
  Import took 0,022048 seconds .

========================================================================
Received Import Request.
  Time since last request: 3,225261 seconds.
  path: Assets/Prefabs/PickUp.prefab
  artifactKey: Guid(5a2f5283eeca88591af79dd4be252c5c) Importer(815301076,1909f56bfc062723c751e8b465ee728b)
Start importing Assets/Prefabs/PickUp.prefab using Guid(5a2f5283eeca88591af79dd4be252c5c) Importer(815301076,1909f56bfc062723c751e8b465ee728b)  -> (artifact id: '1824c2faf12f8403fb466b85a371d66f') in 0,014638 seconds
  Import took 0,022898 seconds .

========================================================================
Received Import Request.
  Time since last request: 23,201973 seconds.
  path: Assets/Template/Scripts/SimpleCameraController.cs
  artifactKey: Guid(be76e5f14cfee674cb30b491fb72b09b) Importer(815301076,1909f56bfc062723c751e8b465ee728b)
Start importing Assets/Template/Scripts/SimpleCameraController.cs using Guid(be76e5f14cfee674cb30b491fb72b09b) Importer(815301076,1909f56bfc062723c751e8b465ee728b)  -> (artifact id: 'cae6b4f35d14ffd55fe7ee71b02ce95b') in 0,001344 seconds
  Import took 0,010695 seconds .

========================================================================
Received Import Request.
  Time since last request: 0,005231 seconds.
  path: Assets/Template/Scripts/SimpleCameraController.cs
  artifactKey: Guid(be76e5f14cfee674cb30b491fb72b09b) Importer(815301076,1909f56bfc062723c751e8b465ee728b)
Start importing Assets/Template/Scripts/SimpleCameraController.cs using Guid(be76e5f14cfee674cb30b491fb72b09b) Importer(815301076,1909f56bfc062723c751e8b465ee728b)  -> (artifact id: 'cae6b4f35d14ffd55fe7ee71b02ce95b') in 0,000614 seconds
  Import took 0,008236 seconds .

========================================================================
Received Import Request.
  Time since last request: 26,802501 seconds.
  path: Assets/Materials/PickUp.mat
  artifactKey: Guid(fa55bc79a7a86b4faa8e11f08ea9cf3c) Importer(815301076,1909f56bfc062723c751e8b465ee728b)
Start importing Assets/Materials/PickUp.mat using Guid(fa55bc79a7a86b4faa8e11f08ea9cf3c) Importer(815301076,1909f56bfc062723c751e8b465ee728b)  -> (artifact id: '75270c526785eb621bc1fca84d15a280') in 0,024187 seconds
  Import took 0,031639 seconds .

========================================================================
Received Prepare
Registering precompiled user dll's ...
Registered in 0,001100 seconds.
Begin MonoManager ReloadAssembly
Native extension for LinuxStandalone target not found
Native extension for WindowsStandalone target not found
Native extension for OSXStandalone target not found
Native extension for WebGL target not found
Refreshing native plugins compatible for Editor in 0,50 ms, found 0 plugins.
Preloading 0 native plugins for Editor in 0,00 ms.
Invoked RoslynAnalysisRunner static constructor.
RoslynAnalysisRunner will not be running.
RoslynAnalysisRunner has terminated.
Mono: successfully reloaded assembly
- Completed reload, in  1,006 seconds
Platform modules already initialized, skipping
Shader 'Universal Render Pipeline/Particles/Lit': fallback shader 'Universal Render Pipeline/Particles/SimpleLit' not found
Shader 'Universal Render Pipeline/Particles/Lit': fallback shader 'Universal Render Pipeline/Particles/SimpleLit' not found
Refreshing native plugins compatible for Editor in 0,48 ms, found 0 plugins.
Preloading 0 native plugins for Editor in 0,00 ms.
Unloading 2640 Unused Serialized files (Serialized files now loaded: 0)
System memory in use before: 116,2 MB.
System memory in use after: 114,7 MB.

Unloading 40 unused Assets to reduce memory usage. Loaded Objects now: 3325.
Total: 5,861338 ms (FindLiveObjects: 0,395488 ms CreateObjectMapping: 0,144539 ms MarkObjects: 3,515985 ms  DeleteObjects: 1,803614 ms)

========================================================================
Received Import Request.
  Time since last request: 44,886459 seconds.
  path: Assets/Scripts/PlayerController.cs
  artifactKey: Guid(4e35ce676b59d41a5b17e182af495d1b) Importer(815301076,1909f56bfc062723c751e8b465ee728b)
Start importing Assets/Scripts/PlayerController.cs using Guid(4e35ce676b59d41a5b17e182af495d1b) Importer(815301076,1909f56bfc062723c751e8b465ee728b)  -> (artifact id: '6e76c1c54b6ed8f9a0ccd398c04c2fa4') in 0,005781 seconds
  Import took 0,012317 seconds .

========================================================================
Received Prepare
Registering precompiled user dll's ...
Registered in 0,004686 seconds.
Begin MonoManager ReloadAssembly
Native extension for LinuxStandalone target not found
Native extension for WindowsStandalone target not found
Native extension for OSXStandalone target not found
Native extension for WebGL target not found
Refreshing native plugins compatible for Editor in 0,60 ms, found 0 plugins.
Preloading 0 native plugins for Editor in 0,00 ms.
Invoked RoslynAnalysisRunner static constructor.
RoslynAnalysisRunner will not be running.
RoslynAnalysisRunner has terminated.
Mono: successfully reloaded assembly
- Completed reload, in  0,938 seconds
Platform modules already initialized, skipping
Shader 'Universal Render Pipeline/Particles/Lit': fallback shader 'Universal Render Pipeline/Particles/SimpleLit' not found
Shader 'Universal Render Pipeline/Particles/Lit': fallback shader 'Universal Render Pipeline/Particles/SimpleLit' not found
Refreshing native plugins compatible for Editor in 0,48 ms, found 0 plugins.
Preloading 0 native plugins for Editor in 0,00 ms.
Unloading 2640 Unused Serialized files (Serialized files now loaded: 0)
System memory in use before: 116,2 MB.
System memory in use after: 114,7 MB.

Unloading 40 unused Assets to reduce memory usage. Loaded Objects now: 3327.
Total: 11,715255 ms (FindLiveObjects: 0,676756 ms CreateObjectMapping: 0,328775 ms MarkObjects: 8,775938 ms  DeleteObjects: 1,931376 ms)

========================================================================
Received Prepare
Registering precompiled user dll's ...
Registered in 0,001108 seconds.
Begin MonoManager ReloadAssembly
Native extension for LinuxStandalone target not found
Native extension for WindowsStandalone target not found
Native extension for OSXStandalone target not found
Native extension for WebGL target not found
Refreshing native plugins compatible for Editor in 0,51 ms, found 0 plugins.
Preloading 0 native plugins for Editor in 0,00 ms.
Invoked RoslynAnalysisRunner static constructor.
RoslynAnalysisRunner will not be running.
RoslynAnalysisRunner has terminated.
Mono: successfully reloaded assembly
- Completed reload, in  0,975 seconds
Platform modules already initialized, skipping
Shader 'Universal Render Pipeline/Particles/Lit': fallback shader 'Universal Render Pipeline/Particles/SimpleLit' not found
Shader 'Universal Render Pipeline/Particles/Lit': fallback shader 'Universal Render Pipeline/Particles/SimpleLit' not found
Refreshing native plugins compatible for Editor in 1,18 ms, found 0 plugins.
Preloading 0 native plugins for Editor in 0,00 ms.
Unloading 2640 Unused Serialized files (Serialized files now loaded: 0)
System memory in use before: 116,3 MB.
System memory in use after: 114,7 MB.

Unloading 40 unused Assets to reduce memory usage. Loaded Objects now: 3329.
Total: 11,585914 ms (FindLiveObjects: 0,474214 ms CreateObjectMapping: 0,524532 ms MarkObjects: 8,627167 ms  DeleteObjects: 1,958343 ms)

========================================================================
Received Import Request.
  Time since last request: 342,756848 seconds.
  path: Assets/Scripts/PlayerController.cs
  artifactKey: Guid(4e35ce676b59d41a5b17e182af495d1b) Importer(815301076,1909f56bfc062723c751e8b465ee728b)
Start importing Assets/Scripts/PlayerController.cs using Guid(4e35ce676b59d41a5b17e182af495d1b) Importer(815301076,1909f56bfc062723c751e8b465ee728b)  -> (artifact id: 'fe54ed792dfef2e8bf0cd509b9025509') in 0,008236 seconds
  Import took 0,014868 seconds .

========================================================================
Received Prepare
Registering precompiled user dll's ...
Registered in 0,001017 seconds.
Begin MonoManager ReloadAssembly
Native extension for LinuxStandalone target not found
Native extension for WindowsStandalone target not found
Native extension for OSXStandalone target not found
Native extension for WebGL target not found
Refreshing native plugins compatible for Editor in 0,49 ms, found 0 plugins.
Preloading 0 native plugins for Editor in 0,00 ms.
Invoked RoslynAnalysisRunner static constructor.
RoslynAnalysisRunner will not be running.
RoslynAnalysisRunner has terminated.
Mono: successfully reloaded assembly
- Completed reload, in  1,116 seconds
Platform modules already initialized, skipping
Shader 'Universal Render Pipeline/Particles/Lit': fallback shader 'Universal Render Pipeline/Particles/SimpleLit' not found
Shader 'Universal Render Pipeline/Particles/Lit': fallback shader 'Universal Render Pipeline/Particles/SimpleLit' not found
Refreshing native plugins compatible for Editor in 0,48 ms, found 0 plugins.
Preloading 0 native plugins for Editor in 0,00 ms.
Unloading 2640 Unused Serialized files (Serialized files now loaded: 0)
System memory in use before: 116,3 MB.
System memory in use after: 114,7 MB.

Unloading 40 unused Assets to reduce memory usage. Loaded Objects now: 3331.
Total: 9,561800 ms (FindLiveObjects: 0,524374 ms CreateObjectMapping: 0,225922 ms MarkObjects: 6,177976 ms  DeleteObjects: 2,631326 ms)

========================================================================
Received Prepare
Registering precompiled user dll's ...
Registered in 0,001282 seconds.
Begin MonoManager ReloadAssembly
Native extension for LinuxStandalone target not found
Native extension for WindowsStandalone target not found
Native extension for OSXStandalone target not found
Native extension for WebGL target not found
Refreshing native plugins compatible for Editor in 0,54 ms, found 0 plugins.
Preloading 0 native plugins for Editor in 0,00 ms.
Invoked RoslynAnalysisRunner static constructor.
RoslynAnalysisRunner will not be running.
RoslynAnalysisRunner has terminated.
Mono: successfully reloaded assembly
- Completed reload, in  1,228 seconds
Platform modules already initialized, skipping
Shader 'Universal Render Pipeline/Particles/Lit': fallback shader 'Universal Render Pipeline/Particles/SimpleLit' not found
Shader 'Universal Render Pipeline/Particles/Lit': fallback shader 'Universal Render Pipeline/Particles/SimpleLit' not found
Refreshing native plugins compatible for Editor in 0,50 ms, found 0 plugins.
Preloading 0 native plugins for Editor in 0,00 ms.
Unloading 2653 Unused Serialized files (Serialized files now loaded: 0)
System memory in use before: 117,7 MB.
System memory in use after: 115,7 MB.

Unloading 53 unused Assets to reduce memory usage. Loaded Objects now: 3333.
Total: 11,990006 ms (FindLiveObjects: 0,764899 ms CreateObjectMapping: 0,341702 ms MarkObjects: 8,693001 ms  DeleteObjects: 2,187530 ms)

========================================================================
Received Prepare
Registering precompiled user dll's ...
Registered in 0,001042 seconds.
Begin MonoManager ReloadAssembly
Native extension for LinuxStandalone target not found
Native extension for WindowsStandalone target not found
Native extension for OSXStandalone target not found
Native extension for WebGL target not found
Refreshing native plugins compatible for Editor in 0,56 ms, found 0 plugins.
Preloading 0 native plugins for Editor in 0,00 ms.
Invoked RoslynAnalysisRunner static constructor.
RoslynAnalysisRunner will not be running.
RoslynAnalysisRunner has terminated.
Mono: successfully reloaded assembly
- Completed reload, in  0,976 seconds
Platform modules already initialized, skipping
Shader 'Universal Render Pipeline/Particles/Lit': fallback shader 'Universal Render Pipeline/Particles/SimpleLit' not found
Shader 'Universal Render Pipeline/Particles/Lit': fallback shader 'Universal Render Pipeline/Particles/SimpleLit' not found
Refreshing native plugins compatible for Editor in 0,52 ms, found 0 plugins.
Preloading 0 native plugins for Editor in 0,00 ms.
Unloading 2653 Unused Serialized files (Serialized files now loaded: 0)
System memory in use before: 117,8 MB.
System memory in use after: 115,8 MB.

Unloading 53 unused Assets to reduce memory usage. Loaded Objects now: 3335.
Total: 10,577159 ms (FindLiveObjects: 1,583218 ms CreateObjectMapping: 0,289990 ms MarkObjects: 4,900400 ms  DeleteObjects: 3,801831 ms)

========================================================================
Received Import Request.
  Time since last request: 716,502647 seconds.
  path: Assets/Scripts/PlayerController.cs
  artifactKey: Guid(4e35ce676b59d41a5b17e182af495d1b) Importer(815301076,1909f56bfc062723c751e8b465ee728b)
Start importing Assets/Scripts/PlayerController.cs using Guid(4e35ce676b59d41a5b17e182af495d1b) Importer(815301076,1909f56bfc062723c751e8b465ee728b)  -> (artifact id: '2d44a5ae07c8ef4b68aa72f0ce72e403') in 0,006508 seconds
  Import took 0,015327 seconds .

========================================================================
Received Prepare
Registering precompiled user dll's ...
Registered in 0,001150 seconds.
Begin MonoManager ReloadAssembly
Native extension for LinuxStandalone target not found
Native extension for WindowsStandalone target not found
Native extension for OSXStandalone target not found
Native extension for WebGL target not found
Refreshing native plugins compatible for Editor in 0,51 ms, found 0 plugins.
Preloading 0 native plugins for Editor in 0,00 ms.
Invoked RoslynAnalysisRunner static constructor.
RoslynAnalysisRunner will not be running.
RoslynAnalysisRunner has terminated.
Mono: successfully reloaded assembly
- Completed reload, in  0,980 seconds
Platform modules already initialized, skipping
Shader 'Universal Render Pipeline/Particles/Lit': fallback shader 'Universal Render Pipeline/Particles/SimpleLit' not found
Shader 'Universal Render Pipeline/Particles/Lit': fallback shader 'Universal Render Pipeline/Particles/SimpleLit' not found
Refreshing native plugins compatible for Editor in 0,46 ms, found 0 plugins.
Preloading 0 native plugins for Editor in 0,00 ms.
Unloading 2653 Unused Serialized files (Serialized files now loaded: 0)
System memory in use before: 117,8 MB.
System memory in use after: 115,8 MB.

Unloading 53 unused Assets to reduce memory usage. Loaded Objects now: 3337.
Total: 7,973398 ms (FindLiveObjects: 0,414453 ms CreateObjectMapping: 0,147679 ms MarkObjects: 4,870648 ms  DeleteObjects: 2,538830 ms)

========================================================================
Received Prepare
Registering precompiled user dll's ...
Registered in 0,001122 seconds.
Begin MonoManager ReloadAssembly
Native extension for LinuxStandalone target not found
Native extension for WindowsStandalone target not found
Native extension for OSXStandalone target not found
Native extension for WebGL target not found
Refreshing native plugins compatible for Editor in 0,50 ms, found 0 plugins.
Preloading 0 native plugins for Editor in 0,00 ms.
Invoked RoslynAnalysisRunner static constructor.
RoslynAnalysisRunner will not be running.
RoslynAnalysisRunner has terminated.
Mono: successfully reloaded assembly
- Completed reload, in  1,012 seconds
Platform modules already initialized, skipping
Shader 'Universal Render Pipeline/Particles/Lit': fallback shader 'Universal Render Pipeline/Particles/SimpleLit' not found
Shader 'Universal Render Pipeline/Particles/Lit': fallback shader 'Universal Render Pipeline/Particles/SimpleLit' not found
Refreshing native plugins compatible for Editor in 0,46 ms, found 0 plugins.
Preloading 0 native plugins for Editor in 0,00 ms.
Unloading 2653 Unused Serialized files (Serialized files now loaded: 0)
System memory in use before: 117,8 MB.
System memory in use after: 115,8 MB.

Unloading 53 unused Assets to reduce memory usage. Loaded Objects now: 3339.
Total: 7,741316 ms (FindLiveObjects: 0,412200 ms CreateObjectMapping: 0,150222 ms MarkObjects: 4,505101 ms  DeleteObjects: 2,671843 ms)

========================================================================
Received Prepare
Shader 'Universal Render Pipeline/Particles/Lit': fallback shader 'Universal Render Pipeline/Particles/SimpleLit' not found
Shader 'Universal Render Pipeline/Particles/Lit': fallback shader 'Universal Render Pipeline/Particles/SimpleLit' not found
Refreshing native plugins compatible for Editor in 1,03 ms, found 0 plugins.
Preloading 0 native plugins for Editor in 0,00 ms.
Unloading 51 Unused Serialized files (Serialized files now loaded: 0)
System memory in use before: 66,2 MB.
System memory in use after: 64,2 MB.

Unloading 51 unused Assets to reduce memory usage. Loaded Objects now: 3339.
Total: 6,042254 ms (FindLiveObjects: 0,407880 ms CreateObjectMapping: 0,149116 ms MarkObjects: 3,314977 ms  DeleteObjects: 2,168391 ms)

AssetImportWorkerClient::OnTransportError - code=2 error=End of file
